This is pdfTeX, Version 3.14159265-2.6-1.40.17 (MiKTeX 2.9.6100 64-bit) (preloaded format=pdflatex 2017.1.9)  19 APR 2017 15:35
entering extended mode
**./tex2pdf.7912/input.tex
(tex2pdf.7912/input.tex
LaTeX2e <2016/03/31> patch level 3
Babel <3.9r> and hyphenation patterns for 75 language(s) loaded.
("C:\MiKTeX 2.9\tex\latex\base\article.cls"
Document Class: article 2014/09/29 v1.4h Standard LaTeX document class
("C:\MiKTeX 2.9\tex\latex\base\size10.clo"
File: size10.clo 2014/09/29 v1.4h Standard LaTeX file (size option)
)
\c@part=\count79
\c@section=\count80
\c@subsection=\count81
\c@subsubsection=\count82
\c@paragraph=\count83
\c@subparagraph=\count84
\c@figure=\count85
\c@table=\count86
\abovecaptionskip=\skip41
\belowcaptionskip=\skip42
\bibindent=\dimen102
)
("C:\MiKTeX 2.9\tex\latex\lm\lmodern.sty"
Package: lmodern 2009/10/30 v1.6 Latin Modern Fonts
LaTeX Font Info:    Overwriting symbol font `operators' in version `normal'
(Font)                  OT1/cmr/m/n --> OT1/lmr/m/n on input line 22.
LaTeX Font Info:    Overwriting symbol font `letters' in version `normal'
(Font)                  OML/cmm/m/it --> OML/lmm/m/it on input line 23.
LaTeX Font Info:    Overwriting symbol font `symbols' in version `normal'
(Font)                  OMS/cmsy/m/n --> OMS/lmsy/m/n on input line 24.
LaTeX Font Info:    Overwriting symbol font `largesymbols' in version `normal'
(Font)                  OMX/cmex/m/n --> OMX/lmex/m/n on input line 25.
LaTeX Font Info:    Overwriting symbol font `operators' in version `bold'
(Font)                  OT1/cmr/bx/n --> OT1/lmr/bx/n on input line 26.
LaTeX Font Info:    Overwriting symbol font `letters' in version `bold'
(Font)                  OML/cmm/b/it --> OML/lmm/b/it on input line 27.
LaTeX Font Info:    Overwriting symbol font `symbols' in version `bold'
(Font)                  OMS/cmsy/b/n --> OMS/lmsy/b/n on input line 28.
LaTeX Font Info:    Overwriting symbol font `largesymbols' in version `bold'
(Font)                  OMX/cmex/m/n --> OMX/lmex/m/n on input line 29.
LaTeX Font Info:    Overwriting math alphabet `\mathbf' in version `normal'
(Font)                  OT1/cmr/bx/n --> OT1/lmr/bx/n on input line 31.
LaTeX Font Info:    Overwriting math alphabet `\mathsf' in version `normal'
(Font)                  OT1/cmss/m/n --> OT1/lmss/m/n on input line 32.
LaTeX Font Info:    Overwriting math alphabet `\mathit' in version `normal'
(Font)                  OT1/cmr/m/it --> OT1/lmr/m/it on input line 33.
LaTeX Font Info:    Overwriting math alphabet `\mathtt' in version `normal'
(Font)                  OT1/cmtt/m/n --> OT1/lmtt/m/n on input line 34.
LaTeX Font Info:    Overwriting math alphabet `\mathbf' in version `bold'
(Font)                  OT1/cmr/bx/n --> OT1/lmr/bx/n on input line 35.
LaTeX Font Info:    Overwriting math alphabet `\mathsf' in version `bold'
(Font)                  OT1/cmss/bx/n --> OT1/lmss/bx/n on input line 36.
LaTeX Font Info:    Overwriting math alphabet `\mathit' in version `bold'
(Font)                  OT1/cmr/bx/it --> OT1/lmr/bx/it on input line 37.
LaTeX Font Info:    Overwriting math alphabet `\mathtt' in version `bold'
(Font)                  OT1/cmtt/m/n --> OT1/lmtt/m/n on input line 38.
)
("C:\MiKTeX 2.9\tex\latex\amsfonts\amssymb.sty"
Package: amssymb 2013/01/14 v3.01 AMS font symbols

("C:\MiKTeX 2.9\tex\latex\amsfonts\amsfonts.sty"
Package: amsfonts 2013/01/14 v3.01 Basic AMSFonts support
\@emptytoks=\toks14
\symAMSa=\mathgroup4
\symAMSb=\mathgroup5
LaTeX Font Info:    Overwriting math alphabet `\mathfrak' in version `bold'
(Font)                  U/euf/m/n --> U/euf/b/n on input line 106.
))
("C:\MiKTeX 2.9\tex\latex\amsmath\amsmath.sty"
Package: amsmath 2016/06/28 v2.15d AMS math features
\@mathmargin=\skip43

For additional information on amsmath, use the `?' option.
("C:\MiKTeX 2.9\tex\latex\amsmath\amstext.sty"
Package: amstext 2000/06/29 v2.01 AMS text

("C:\MiKTeX 2.9\tex\latex\amsmath\amsgen.sty"
File: amsgen.sty 1999/11/30 v2.0 generic functions
\@emptytoks=\toks15
\ex@=\dimen103
))
("C:\MiKTeX 2.9\tex\latex\amsmath\amsbsy.sty"
Package: amsbsy 1999/11/29 v1.2d Bold Symbols
\pmbraise@=\dimen104
)
("C:\MiKTeX 2.9\tex\latex\amsmath\amsopn.sty"
Package: amsopn 2016/03/08 v2.02 operator names
)
\inf@bad=\count87
LaTeX Info: Redefining \frac on input line 199.
\uproot@=\count88
\leftroot@=\count89
LaTeX Info: Redefining \overline on input line 297.
\classnum@=\count90
\DOTSCASE@=\count91
LaTeX Info: Redefining \ldots on input line 394.
LaTeX Info: Redefining \dots on input line 397.
LaTeX Info: Redefining \cdots on input line 518.
\Mathstrutbox@=\box26
\strutbox@=\box27
\big@size=\dimen105
LaTeX Font Info:    Redeclaring font encoding OML on input line 634.
LaTeX Font Info:    Redeclaring font encoding OMS on input line 635.
\macc@depth=\count92
\c@MaxMatrixCols=\count93
\dotsspace@=\muskip10
\c@parentequation=\count94
\dspbrk@lvl=\count95
\tag@help=\toks16
\row@=\count96
\column@=\count97
\maxfields@=\count98
\andhelp@=\toks17
\eqnshift@=\dimen106
\alignsep@=\dimen107
\tagshift@=\dimen108
\tagwidth@=\dimen109
\totwidth@=\dimen110
\lineht@=\dimen111
\@envbody=\toks18
\multlinegap=\skip44
\multlinetaggap=\skip45
\mathdisplay@stack=\toks19
LaTeX Info: Redefining \[ on input line 2739.
LaTeX Info: Redefining \] on input line 2740.
)
("C:\MiKTeX 2.9\tex\generic\ifxetex\ifxetex.sty"
Package: ifxetex 2010/09/12 v0.6 Provides ifxetex conditional
)
("C:\MiKTeX 2.9\tex\generic\oberdiek\ifluatex.sty"
Package: ifluatex 2016/05/16 v1.4 Provides the ifluatex switch (HO)
Package ifluatex Info: LuaTeX not detected.
)
("C:\MiKTeX 2.9\tex\latex\base\fixltx2e.sty"
Package: fixltx2e 2015/06/22 v2.0b fixes to LaTeX (obsolete)


Package fixltx2e Warning: fixltx2e is not required with releases after 2015
(fixltx2e)                All fixes are now in the LaTeX kernel.
(fixltx2e)                See the latexrelease package for details.

) ("C:\MiKTeX 2.9\tex\latex\base\fontenc.sty"
Package: fontenc 2016/06/19 v1.99m Standard LaTeX package

("C:\MiKTeX 2.9\tex\latex\base\t1enc.def"
File: t1enc.def 2016/06/19 v1.99m Standard LaTeX file
LaTeX Font Info:    Redeclaring font encoding T1 on input line 48.
))
("C:\MiKTeX 2.9\tex\latex\base\inputenc.sty"
Package: inputenc 2015/03/17 v1.2c Input encoding file
\inpenc@prehook=\toks20
\inpenc@posthook=\toks21

("C:\MiKTeX 2.9\tex\latex\base\utf8.def"
File: utf8.def 2016/02/28 v1.1s UTF-8 support for inputenc
Now handling font encoding OML ...
... no UTF-8 mapping file for font encoding OML
Now handling font encoding T1 ...
... processing UTF-8 mapping file for font encoding T1

("C:\MiKTeX 2.9\tex\latex\base\t1enc.dfu"
File: t1enc.dfu 2016/02/28 v1.1s UTF-8 support for inputenc
   defining Unicode char U+00A0 (decimal 160)
   defining Unicode char U+00A1 (decimal 161)
   defining Unicode char U+00A3 (decimal 163)
   defining Unicode char U+00AB (decimal 171)
   defining Unicode char U+00AD (decimal 173)
   defining Unicode char U+00BB (decimal 187)
   defining Unicode char U+00BF (decimal 191)
   defining Unicode char U+00C0 (decimal 192)
   defining Unicode char U+00C1 (decimal 193)
   defining Unicode char U+00C2 (decimal 194)
   defining Unicode char U+00C3 (decimal 195)
   defining Unicode char U+00C4 (decimal 196)
   defining Unicode char U+00C5 (decimal 197)
   defining Unicode char U+00C6 (decimal 198)
   defining Unicode char U+00C7 (decimal 199)
   defining Unicode char U+00C8 (decimal 200)
   defining Unicode char U+00C9 (decimal 201)
   defining Unicode char U+00CA (decimal 202)
   defining Unicode char U+00CB (decimal 203)
   defining Unicode char U+00CC (decimal 204)
   defining Unicode char U+00CD (decimal 205)
   defining Unicode char U+00CE (decimal 206)
   defining Unicode char U+00CF (decimal 207)
   defining Unicode char U+00D0 (decimal 208)
   defining Unicode char U+00D1 (decimal 209)
   defining Unicode char U+00D2 (decimal 210)
   defining Unicode char U+00D3 (decimal 211)
   defining Unicode char U+00D4 (decimal 212)
   defining Unicode char U+00D5 (decimal 213)
   defining Unicode char U+00D6 (decimal 214)
   defining Unicode char U+00D8 (decimal 216)
   defining Unicode char U+00D9 (decimal 217)
   defining Unicode char U+00DA (decimal 218)
   defining Unicode char U+00DB (decimal 219)
   defining Unicode char U+00DC (decimal 220)
   defining Unicode char U+00DD (decimal 221)
   defining Unicode char U+00DE (decimal 222)
   defining Unicode char U+00DF (decimal 223)
   defining Unicode char U+00E0 (decimal 224)
   defining Unicode char U+00E1 (decimal 225)
   defining Unicode char U+00E2 (decimal 226)
   defining Unicode char U+00E3 (decimal 227)
   defining Unicode char U+00E4 (decimal 228)
   defining Unicode char U+00E5 (decimal 229)
   defining Unicode char U+00E6 (decimal 230)
   defining Unicode char U+00E7 (decimal 231)
   defining Unicode char U+00E8 (decimal 232)
   defining Unicode char U+00E9 (decimal 233)
   defining Unicode char U+00EA (decimal 234)
   defining Unicode char U+00EB (decimal 235)
   defining Unicode char U+00EC (decimal 236)
   defining Unicode char U+00ED (decimal 237)
   defining Unicode char U+00EE (decimal 238)
   defining Unicode char U+00EF (decimal 239)
   defining Unicode char U+00F0 (decimal 240)
   defining Unicode char U+00F1 (decimal 241)
   defining Unicode char U+00F2 (decimal 242)
   defining Unicode char U+00F3 (decimal 243)
   defining Unicode char U+00F4 (decimal 244)
   defining Unicode char U+00F5 (decimal 245)
   defining Unicode char U+00F6 (decimal 246)
   defining Unicode char U+00F8 (decimal 248)
   defining Unicode char U+00F9 (decimal 249)
   defining Unicode char U+00FA (decimal 250)
   defining Unicode char U+00FB (decimal 251)
   defining Unicode char U+00FC (decimal 252)
   defining Unicode char U+00FD (decimal 253)
   defining Unicode char U+00FE (decimal 254)
   defining Unicode char U+00FF (decimal 255)
   defining Unicode char U+0100 (decimal 256)
   defining Unicode char U+0101 (decimal 257)
   defining Unicode char U+0102 (decimal 258)
   defining Unicode char U+0103 (decimal 259)
   defining Unicode char U+0104 (decimal 260)
   defining Unicode char U+0105 (decimal 261)
   defining Unicode char U+0106 (decimal 262)
   defining Unicode char U+0107 (decimal 263)
   defining Unicode char U+0108 (decimal 264)
   defining Unicode char U+0109 (decimal 265)
   defining Unicode char U+010A (decimal 266)
   defining Unicode char U+010B (decimal 267)
   defining Unicode char U+010C (decimal 268)
   defining Unicode char U+010D (decimal 269)
   defining Unicode char U+010E (decimal 270)
   defining Unicode char U+010F (decimal 271)
   defining Unicode char U+0110 (decimal 272)
   defining Unicode char U+0111 (decimal 273)
   defining Unicode char U+0112 (decimal 274)
   defining Unicode char U+0113 (decimal 275)
   defining Unicode char U+0114 (decimal 276)
   defining Unicode char U+0115 (decimal 277)
   defining Unicode char U+0116 (decimal 278)
   defining Unicode char U+0117 (decimal 279)
   defining Unicode char U+0118 (decimal 280)
   defining Unicode char U+0119 (decimal 281)
   defining Unicode char U+011A (decimal 282)
   defining Unicode char U+011B (decimal 283)
   defining Unicode char U+011C (decimal 284)
   defining Unicode char U+011D (decimal 285)
   defining Unicode char U+011E (decimal 286)
   defining Unicode char U+011F (decimal 287)
   defining Unicode char U+0120 (decimal 288)
   defining Unicode char U+0121 (decimal 289)
   defining Unicode char U+0122 (decimal 290)
   defining Unicode char U+0123 (decimal 291)
   defining Unicode char U+0124 (decimal 292)
   defining Unicode char U+0125 (decimal 293)
   defining Unicode char U+0128 (decimal 296)
   defining Unicode char U+0129 (decimal 297)
   defining Unicode char U+012A (decimal 298)
   defining Unicode char U+012B (decimal 299)
   defining Unicode char U+012C (decimal 300)
   defining Unicode char U+012D (decimal 301)
   defining Unicode char U+012E (decimal 302)
   defining Unicode char U+012F (decimal 303)
   defining Unicode char U+0130 (decimal 304)
   defining Unicode char U+0131 (decimal 305)
   defining Unicode char U+0132 (decimal 306)
   defining Unicode char U+0133 (decimal 307)
   defining Unicode char U+0134 (decimal 308)
   defining Unicode char U+0135 (decimal 309)
   defining Unicode char U+0136 (decimal 310)
   defining Unicode char U+0137 (decimal 311)
   defining Unicode char U+0139 (decimal 313)
   defining Unicode char U+013A (decimal 314)
   defining Unicode char U+013B (decimal 315)
   defining Unicode char U+013C (decimal 316)
   defining Unicode char U+013D (decimal 317)
   defining Unicode char U+013E (decimal 318)
   defining Unicode char U+0141 (decimal 321)
   defining Unicode char U+0142 (decimal 322)
   defining Unicode char U+0143 (decimal 323)
   defining Unicode char U+0144 (decimal 324)
   defining Unicode char U+0145 (decimal 325)
   defining Unicode char U+0146 (decimal 326)
   defining Unicode char U+0147 (decimal 327)
   defining Unicode char U+0148 (decimal 328)
   defining Unicode char U+014A (decimal 330)
   defining Unicode char U+014B (decimal 331)
   defining Unicode char U+014C (decimal 332)
   defining Unicode char U+014D (decimal 333)
   defining Unicode char U+014E (decimal 334)
   defining Unicode char U+014F (decimal 335)
   defining Unicode char U+0150 (decimal 336)
   defining Unicode char U+0151 (decimal 337)
   defining Unicode char U+0152 (decimal 338)
   defining Unicode char U+0153 (decimal 339)
   defining Unicode char U+0154 (decimal 340)
   defining Unicode char U+0155 (decimal 341)
   defining Unicode char U+0156 (decimal 342)
   defining Unicode char U+0157 (decimal 343)
   defining Unicode char U+0158 (decimal 344)
   defining Unicode char U+0159 (decimal 345)
   defining Unicode char U+015A (decimal 346)
   defining Unicode char U+015B (decimal 347)
   defining Unicode char U+015C (decimal 348)
   defining Unicode char U+015D (decimal 349)
   defining Unicode char U+015E (decimal 350)
   defining Unicode char U+015F (decimal 351)
   defining Unicode char U+0160 (decimal 352)
   defining Unicode char U+0161 (decimal 353)
   defining Unicode char U+0162 (decimal 354)
   defining Unicode char U+0163 (decimal 355)
   defining Unicode char U+0164 (decimal 356)
   defining Unicode char U+0165 (decimal 357)
   defining Unicode char U+0168 (decimal 360)
   defining Unicode char U+0169 (decimal 361)
   defining Unicode char U+016A (decimal 362)
   defining Unicode char U+016B (decimal 363)
   defining Unicode char U+016C (decimal 364)
   defining Unicode char U+016D (decimal 365)
   defining Unicode char U+016E (decimal 366)
   defining Unicode char U+016F (decimal 367)
   defining Unicode char U+0170 (decimal 368)
   defining Unicode char U+0171 (decimal 369)
   defining Unicode char U+0172 (decimal 370)
   defining Unicode char U+0173 (decimal 371)
   defining Unicode char U+0174 (decimal 372)
   defining Unicode char U+0175 (decimal 373)
   defining Unicode char U+0176 (decimal 374)
   defining Unicode char U+0177 (decimal 375)
   defining Unicode char U+0178 (decimal 376)
   defining Unicode char U+0179 (decimal 377)
   defining Unicode char U+017A (decimal 378)
   defining Unicode char U+017B (decimal 379)
   defining Unicode char U+017C (decimal 380)
   defining Unicode char U+017D (decimal 381)
   defining Unicode char U+017E (decimal 382)
   defining Unicode char U+01CD (decimal 461)
   defining Unicode char U+01CE (decimal 462)
   defining Unicode char U+01CF (decimal 463)
   defining Unicode char U+01D0 (decimal 464)
   defining Unicode char U+01D1 (decimal 465)
   defining Unicode char U+01D2 (decimal 466)
   defining Unicode char U+01D3 (decimal 467)
   defining Unicode char U+01D4 (decimal 468)
   defining Unicode char U+01E2 (decimal 482)
   defining Unicode char U+01E3 (decimal 483)
   defining Unicode char U+01E6 (decimal 486)
   defining Unicode char U+01E7 (decimal 487)
   defining Unicode char U+01E8 (decimal 488)
   defining Unicode char U+01E9 (decimal 489)
   defining Unicode char U+01EA (decimal 490)
   defining Unicode char U+01EB (decimal 491)
   defining Unicode char U+01F0 (decimal 496)
   defining Unicode char U+01F4 (decimal 500)
   defining Unicode char U+01F5 (decimal 501)
   defining Unicode char U+0218 (decimal 536)
   defining Unicode char U+0219 (decimal 537)
   defining Unicode char U+021A (decimal 538)
   defining Unicode char U+021B (decimal 539)
   defining Unicode char U+1E02 (decimal 7682)
   defining Unicode char U+1E03 (decimal 7683)
   defining Unicode char U+200C (decimal 8204)
   defining Unicode char U+2010 (decimal 8208)
   defining Unicode char U+2011 (decimal 8209)
   defining Unicode char U+2012 (decimal 8210)
   defining Unicode char U+2013 (decimal 8211)
   defining Unicode char U+2014 (decimal 8212)
   defining Unicode char U+2015 (decimal 8213)
   defining Unicode char U+2018 (decimal 8216)
   defining Unicode char U+2019 (decimal 8217)
   defining Unicode char U+201A (decimal 8218)
   defining Unicode char U+201C (decimal 8220)
   defining Unicode char U+201D (decimal 8221)
   defining Unicode char U+201E (decimal 8222)
   defining Unicode char U+2030 (decimal 8240)
   defining Unicode char U+2031 (decimal 8241)
   defining Unicode char U+2039 (decimal 8249)
   defining Unicode char U+203A (decimal 8250)
   defining Unicode char U+2423 (decimal 9251)
)
Now handling font encoding OT1 ...
... processing UTF-8 mapping file for font encoding OT1

("C:\MiKTeX 2.9\tex\latex\base\ot1enc.dfu"
File: ot1enc.dfu 2016/02/28 v1.1s UTF-8 support for inputenc
   defining Unicode char U+00A0 (decimal 160)
   defining Unicode char U+00A1 (decimal 161)
   defining Unicode char U+00A3 (decimal 163)
   defining Unicode char U+00AD (decimal 173)
   defining Unicode char U+00B8 (decimal 184)
   defining Unicode char U+00BF (decimal 191)
   defining Unicode char U+00C5 (decimal 197)
   defining Unicode char U+00C6 (decimal 198)
   defining Unicode char U+00D8 (decimal 216)
   defining Unicode char U+00DF (decimal 223)
   defining Unicode char U+00E6 (decimal 230)
   defining Unicode char U+00EC (decimal 236)
   defining Unicode char U+00ED (decimal 237)
   defining Unicode char U+00EE (decimal 238)
   defining Unicode char U+00EF (decimal 239)
   defining Unicode char U+00F8 (decimal 248)
   defining Unicode char U+0131 (decimal 305)
   defining Unicode char U+0141 (decimal 321)
   defining Unicode char U+0142 (decimal 322)
   defining Unicode char U+0152 (decimal 338)
   defining Unicode char U+0153 (decimal 339)
   defining Unicode char U+0174 (decimal 372)
   defining Unicode char U+0175 (decimal 373)
   defining Unicode char U+0176 (decimal 374)
   defining Unicode char U+0177 (decimal 375)
   defining Unicode char U+0218 (decimal 536)
   defining Unicode char U+0219 (decimal 537)
   defining Unicode char U+021A (decimal 538)
   defining Unicode char U+021B (decimal 539)
   defining Unicode char U+2013 (decimal 8211)
   defining Unicode char U+2014 (decimal 8212)
   defining Unicode char U+2018 (decimal 8216)
   defining Unicode char U+2019 (decimal 8217)
   defining Unicode char U+201C (decimal 8220)
   defining Unicode char U+201D (decimal 8221)
)
Now handling font encoding OMS ...
... processing UTF-8 mapping file for font encoding OMS

("C:\MiKTeX 2.9\tex\latex\base\omsenc.dfu"
File: omsenc.dfu 2016/02/28 v1.1s UTF-8 support for inputenc
   defining Unicode char U+00A7 (decimal 167)
   defining Unicode char U+00B6 (decimal 182)
   defining Unicode char U+00B7 (decimal 183)
   defining Unicode char U+2020 (decimal 8224)
   defining Unicode char U+2021 (decimal 8225)
   defining Unicode char U+2022 (decimal 8226)
)
Now handling font encoding OMX ...
... no UTF-8 mapping file for font encoding OMX
Now handling font encoding U ...
... no UTF-8 mapping file for font encoding U
   defining Unicode char U+00A9 (decimal 169)
   defining Unicode char U+00AA (decimal 170)
   defining Unicode char U+00AE (decimal 174)
   defining Unicode char U+00BA (decimal 186)
   defining Unicode char U+02C6 (decimal 710)
   defining Unicode char U+02DC (decimal 732)
   defining Unicode char U+200C (decimal 8204)
   defining Unicode char U+2026 (decimal 8230)
   defining Unicode char U+2122 (decimal 8482)
   defining Unicode char U+2423 (decimal 9251)
))
(C:\Users\vandijkm\AppData\Roaming\MiKTeX\2.9\tex\latex\upquote\upquote.sty
Package: upquote 2012/04/19 v1.3 upright-quote and grave-accent glyphs in verba
tim

("C:\MiKTeX 2.9\tex\latex\base\textcomp.sty"
Package: textcomp 2016/06/19 v1.99m Standard LaTeX package
Package textcomp Info: Sub-encoding information:
(textcomp)               5 = only ISO-Adobe without \textcurrency
(textcomp)               4 = 5 + \texteuro
(textcomp)               3 = 4 + \textohm
(textcomp)               2 = 3 + \textestimated + \textcurrency
(textcomp)               1 = TS1 - \textcircled - \t
(textcomp)               0 = TS1 (full)
(textcomp)             Font families with sub-encoding setting implement
(textcomp)             only a restricted character set as indicated.
(textcomp)             Family '?' is the default used for unknown fonts.
(textcomp)             See the documentation for details.
Package textcomp Info: Setting ? sub-encoding to TS1/1 on input line 79.

("C:\MiKTeX 2.9\tex\latex\base\ts1enc.def"
File: ts1enc.def 2001/06/05 v3.0e (jk/car/fm) Standard LaTeX file
Now handling font encoding TS1 ...
... processing UTF-8 mapping file for font encoding TS1

("C:\MiKTeX 2.9\tex\latex\base\ts1enc.dfu"
File: ts1enc.dfu 2016/02/28 v1.1s UTF-8 support for inputenc
   defining Unicode char U+00A2 (decimal 162)
   defining Unicode char U+00A3 (decimal 163)
   defining Unicode char U+00A4 (decimal 164)
   defining Unicode char U+00A5 (decimal 165)
   defining Unicode char U+00A6 (decimal 166)
   defining Unicode char U+00A7 (decimal 167)
   defining Unicode char U+00A8 (decimal 168)
   defining Unicode char U+00A9 (decimal 169)
   defining Unicode char U+00AA (decimal 170)
   defining Unicode char U+00AC (decimal 172)
   defining Unicode char U+00AE (decimal 174)
   defining Unicode char U+00AF (decimal 175)
   defining Unicode char U+00B0 (decimal 176)
   defining Unicode char U+00B1 (decimal 177)
   defining Unicode char U+00B2 (decimal 178)
   defining Unicode char U+00B3 (decimal 179)
   defining Unicode char U+00B4 (decimal 180)
   defining Unicode char U+00B5 (decimal 181)
   defining Unicode char U+00B6 (decimal 182)
   defining Unicode char U+00B7 (decimal 183)
   defining Unicode char U+00B9 (decimal 185)
   defining Unicode char U+00BA (decimal 186)
   defining Unicode char U+00BC (decimal 188)
   defining Unicode char U+00BD (decimal 189)
   defining Unicode char U+00BE (decimal 190)
   defining Unicode char U+00D7 (decimal 215)
   defining Unicode char U+00F7 (decimal 247)
   defining Unicode char U+0192 (decimal 402)
   defining Unicode char U+02C7 (decimal 711)
   defining Unicode char U+02D8 (decimal 728)
   defining Unicode char U+02DD (decimal 733)
   defining Unicode char U+0E3F (decimal 3647)
   defining Unicode char U+2016 (decimal 8214)
   defining Unicode char U+2020 (decimal 8224)
   defining Unicode char U+2021 (decimal 8225)
   defining Unicode char U+2022 (decimal 8226)
   defining Unicode char U+2030 (decimal 8240)
   defining Unicode char U+2031 (decimal 8241)
   defining Unicode char U+203B (decimal 8251)
   defining Unicode char U+203D (decimal 8253)
   defining Unicode char U+2044 (decimal 8260)
   defining Unicode char U+204E (decimal 8270)
   defining Unicode char U+2052 (decimal 8274)
   defining Unicode char U+20A1 (decimal 8353)
   defining Unicode char U+20A4 (decimal 8356)
   defining Unicode char U+20A6 (decimal 8358)
   defining Unicode char U+20A9 (decimal 8361)
   defining Unicode char U+20AB (decimal 8363)
   defining Unicode char U+20AC (decimal 8364)
   defining Unicode char U+20B1 (decimal 8369)
   defining Unicode char U+2103 (decimal 8451)
   defining Unicode char U+2116 (decimal 8470)
   defining Unicode char U+2117 (decimal 8471)
   defining Unicode char U+211E (decimal 8478)
   defining Unicode char U+2120 (decimal 8480)
   defining Unicode char U+2122 (decimal 8482)
   defining Unicode char U+2126 (decimal 8486)
   defining Unicode char U+2127 (decimal 8487)
   defining Unicode char U+212E (decimal 8494)
   defining Unicode char U+2190 (decimal 8592)
   defining Unicode char U+2191 (decimal 8593)
   defining Unicode char U+2192 (decimal 8594)
   defining Unicode char U+2193 (decimal 8595)
   defining Unicode char U+2329 (decimal 9001)
   defining Unicode char U+232A (decimal 9002)
   defining Unicode char U+2422 (decimal 9250)
   defining Unicode char U+25E6 (decimal 9702)
   defining Unicode char U+25EF (decimal 9711)
   defining Unicode char U+266A (decimal 9834)
))
LaTeX Info: Redefining \oldstylenums on input line 334.
Package textcomp Info: Setting cmr sub-encoding to TS1/0 on input line 349.
Package textcomp Info: Setting cmss sub-encoding to TS1/0 on input line 350.
Package textcomp Info: Setting cmtt sub-encoding to TS1/0 on input line 351.
Package textcomp Info: Setting cmvtt sub-encoding to TS1/0 on input line 352.
Package textcomp Info: Setting cmbr sub-encoding to TS1/0 on input line 353.
Package textcomp Info: Setting cmtl sub-encoding to TS1/0 on input line 354.
Package textcomp Info: Setting ccr sub-encoding to TS1/0 on input line 355.
Package textcomp Info: Setting ptm sub-encoding to TS1/4 on input line 356.
Package textcomp Info: Setting pcr sub-encoding to TS1/4 on input line 357.
Package textcomp Info: Setting phv sub-encoding to TS1/4 on input line 358.
Package textcomp Info: Setting ppl sub-encoding to TS1/3 on input line 359.
Package textcomp Info: Setting pag sub-encoding to TS1/4 on input line 360.
Package textcomp Info: Setting pbk sub-encoding to TS1/4 on input line 361.
Package textcomp Info: Setting pnc sub-encoding to TS1/4 on input line 362.
Package textcomp Info: Setting pzc sub-encoding to TS1/4 on input line 363.
Package textcomp Info: Setting bch sub-encoding to TS1/4 on input line 364.
Package textcomp Info: Setting put sub-encoding to TS1/5 on input line 365.
Package textcomp Info: Setting uag sub-encoding to TS1/5 on input line 366.
Package textcomp Info: Setting ugq sub-encoding to TS1/5 on input line 367.
Package textcomp Info: Setting ul8 sub-encoding to TS1/4 on input line 368.
Package textcomp Info: Setting ul9 sub-encoding to TS1/4 on input line 369.
Package textcomp Info: Setting augie sub-encoding to TS1/5 on input line 370.
Package textcomp Info: Setting dayrom sub-encoding to TS1/3 on input line 371.
Package textcomp Info: Setting dayroms sub-encoding to TS1/3 on input line 372.

Package textcomp Info: Setting pxr sub-encoding to TS1/0 on input line 373.
Package textcomp Info: Setting pxss sub-encoding to TS1/0 on input line 374.
Package textcomp Info: Setting pxtt sub-encoding to TS1/0 on input line 375.
Package textcomp Info: Setting txr sub-encoding to TS1/0 on input line 376.
Package textcomp Info: Setting txss sub-encoding to TS1/0 on input line 377.
Package textcomp Info: Setting txtt sub-encoding to TS1/0 on input line 378.
Package textcomp Info: Setting lmr sub-encoding to TS1/0 on input line 379.
Package textcomp Info: Setting lmdh sub-encoding to TS1/0 on input line 380.
Package textcomp Info: Setting lmss sub-encoding to TS1/0 on input line 381.
Package textcomp Info: Setting lmssq sub-encoding to TS1/0 on input line 382.
Package textcomp Info: Setting lmvtt sub-encoding to TS1/0 on input line 383.
Package textcomp Info: Setting lmtt sub-encoding to TS1/0 on input line 384.
Package textcomp Info: Setting qhv sub-encoding to TS1/0 on input line 385.
Package textcomp Info: Setting qag sub-encoding to TS1/0 on input line 386.
Package textcomp Info: Setting qbk sub-encoding to TS1/0 on input line 387.
Package textcomp Info: Setting qcr sub-encoding to TS1/0 on input line 388.
Package textcomp Info: Setting qcs sub-encoding to TS1/0 on input line 389.
Package textcomp Info: Setting qpl sub-encoding to TS1/0 on input line 390.
Package textcomp Info: Setting qtm sub-encoding to TS1/0 on input line 391.
Package textcomp Info: Setting qzc sub-encoding to TS1/0 on input line 392.
Package textcomp Info: Setting qhvc sub-encoding to TS1/0 on input line 393.
Package textcomp Info: Setting futs sub-encoding to TS1/4 on input line 394.
Package textcomp Info: Setting futx sub-encoding to TS1/4 on input line 395.
Package textcomp Info: Setting futj sub-encoding to TS1/4 on input line 396.
Package textcomp Info: Setting hlh sub-encoding to TS1/3 on input line 397.
Package textcomp Info: Setting hls sub-encoding to TS1/3 on input line 398.
Package textcomp Info: Setting hlst sub-encoding to TS1/3 on input line 399.
Package textcomp Info: Setting hlct sub-encoding to TS1/5 on input line 400.
Package textcomp Info: Setting hlx sub-encoding to TS1/5 on input line 401.
Package textcomp Info: Setting hlce sub-encoding to TS1/5 on input line 402.
Package textcomp Info: Setting hlcn sub-encoding to TS1/5 on input line 403.
Package textcomp Info: Setting hlcw sub-encoding to TS1/5 on input line 404.
Package textcomp Info: Setting hlcf sub-encoding to TS1/5 on input line 405.
Package textcomp Info: Setting pplx sub-encoding to TS1/3 on input line 406.
Package textcomp Info: Setting pplj sub-encoding to TS1/3 on input line 407.
Package textcomp Info: Setting ptmx sub-encoding to TS1/4 on input line 408.
Package textcomp Info: Setting ptmj sub-encoding to TS1/4 on input line 409.
))
(C:\Users\vandijkm\AppData\Roaming\MiKTeX\2.9\tex\latex\microtype\microtype.sty
Package: microtype 2016/05/14 v2.6a Micro-typographical refinements (RS)
("C:\MiKTeX 2.9\tex\latex\graphics\keyval.sty"
Package: keyval 2014/10/28 v1.15 key=value parser (DPC)
\KV@toks@=\toks22
)
\MT@toks=\toks23
\MT@count=\count99
LaTeX Info: Redefining \textls on input line 774.
\MT@outer@kern=\dimen112
LaTeX Info: Redefining \textmicrotypecontext on input line 1310.
\MT@listname@count=\count100

(C:\Users\vandijkm\AppData\Roaming\MiKTeX\2.9\tex\latex\microtype\microtype-pdf
tex.def
File: microtype-pdftex.def 2016/05/14 v2.6a Definitions specific to pdftex (RS)

LaTeX Info: Redefining \lsstyle on input line 916.
LaTeX Info: Redefining \lslig on input line 916.
\MT@outer@space=\skip46
)
Package microtype Info: Loading configuration file microtype.cfg.

(C:\Users\vandijkm\AppData\Roaming\MiKTeX\2.9\tex\latex\microtype\microtype.cfg
File: microtype.cfg 2016/05/14 v2.6a microtype main configuration file (RS)
)) ("C:\MiKTeX 2.9\tex\latex\geometry\geometry.sty"
Package: geometry 2010/09/12 v5.6 Page Geometry

("C:\MiKTeX 2.9\tex\generic\oberdiek\ifpdf.sty"
Package: ifpdf 2016/05/14 v3.1 Provides the ifpdf switch
)
("C:\MiKTeX 2.9\tex\generic\oberdiek\ifvtex.sty"
Package: ifvtex 2016/05/16 v1.6 Detect VTeX and its facilities (HO)
Package ifvtex Info: VTeX not detected.
)
\Gm@cnth=\count101
\Gm@cntv=\count102
\c@Gm@tempcnt=\count103
\Gm@bindingoffset=\dimen113
\Gm@wd@mp=\dimen114
\Gm@odd@mp=\dimen115
\Gm@even@mp=\dimen116
\Gm@layoutwidth=\dimen117
\Gm@layoutheight=\dimen118
\Gm@layouthoffset=\dimen119
\Gm@layoutvoffset=\dimen120
\Gm@dimlist=\toks24

("C:\MiKTeX 2.9\tex\latex\geometry\geometry.cfg"))
("C:\MiKTeX 2.9\tex\latex\hyperref\hyperref.sty"
Package: hyperref 2016/06/24 v6.83q Hypertext links for LaTeX

("C:\MiKTeX 2.9\tex\generic\oberdiek\hobsub-hyperref.sty"
Package: hobsub-hyperref 2016/05/16 v1.14 Bundle oberdiek, subset hyperref (HO)


("C:\MiKTeX 2.9\tex\generic\oberdiek\hobsub-generic.sty"
Package: hobsub-generic 2016/05/16 v1.14 Bundle oberdiek, subset generic (HO)
Package: hobsub 2016/05/16 v1.14 Construct package bundles (HO)
Package: infwarerr 2016/05/16 v1.4 Providing info/warning/error messages (HO)
Package: ltxcmds 2016/05/16 v1.23 LaTeX kernel commands for general use (HO)
Package hobsub Info: Skipping package `ifluatex' (already loaded).
Package hobsub Info: Skipping package `ifvtex' (already loaded).
Package: intcalc 2016/05/16 v1.2 Expandable calculations with integers (HO)
Package hobsub Info: Skipping package `ifpdf' (already loaded).
Package: etexcmds 2016/05/16 v1.6 Avoid name clashes with e-TeX commands (HO)
Package etexcmds Info: Could not find \expanded.
(etexcmds)             That can mean that you are not using pdfTeX 1.50 or
(etexcmds)             that some package has redefined \expanded.
(etexcmds)             In the latter case, load this package earlier.
Package: kvsetkeys 2016/05/16 v1.17 Key value parser (HO)
Package: kvdefinekeys 2016/05/16 v1.4 Define keys (HO)
Package: pdftexcmds 2016/05/21 v0.22 Utility functions of pdfTeX for LuaTeX (HO
)
Package pdftexcmds Info: LuaTeX not detected.
Package pdftexcmds Info: \pdf@primitive is available.
Package pdftexcmds Info: \pdf@ifprimitive is available.
Package pdftexcmds Info: \pdfdraftmode found.
Package: pdfescape 2016/05/16 v1.14 Implements pdfTeX's escape features (HO)
Package: bigintcalc 2016/05/16 v1.4 Expandable calculations on big integers (HO
)
Package: bitset 2016/05/16 v1.2 Handle bit-vector datatype (HO)
Package: uniquecounter 2016/05/16 v1.3 Provide unlimited unique counter (HO)
)
Package hobsub Info: Skipping package `hobsub' (already loaded).
Package: letltxmacro 2016/05/16 v1.5 Let assignment for LaTeX macros (HO)
Package: hopatch 2016/05/16 v1.3 Wrapper for package hooks (HO)
Package: xcolor-patch 2016/05/16 xcolor patch
Package: atveryend 2016/05/16 v1.9 Hooks at the very end of document (HO)
Package atveryend Info: \enddocument detected (standard20110627).
Package: atbegshi 2016/06/09 v1.18 At begin shipout hook (HO)
Package: refcount 2016/05/16 v3.5 Data extraction from label references (HO)
Package: hycolor 2016/05/16 v1.8 Color options for hyperref/bookmark (HO)
)
("C:\MiKTeX 2.9\tex\latex\oberdiek\auxhook.sty"
Package: auxhook 2016/05/16 v1.4 Hooks for auxiliary files (HO)
)
("C:\MiKTeX 2.9\tex\latex\oberdiek\kvoptions.sty"
Package: kvoptions 2016/05/16 v3.12 Key value format for package options (HO)
)
\@linkdim=\dimen121
\Hy@linkcounter=\count104
\Hy@pagecounter=\count105

("C:\MiKTeX 2.9\tex\latex\hyperref\pd1enc.def"
File: pd1enc.def 2016/06/24 v6.83q Hyperref: PDFDocEncoding definition (HO)
Now handling font encoding PD1 ...
... no UTF-8 mapping file for font encoding PD1
)
\Hy@SavedSpaceFactor=\count106

("C:\MiKTeX 2.9\tex\latex\00miktex\hyperref.cfg"
File: hyperref.cfg 2002/06/06 v1.2 hyperref configuration of TeXLive
)
Package hyperref Info: Hyper figures OFF on input line 4486.
Package hyperref Info: Link nesting OFF on input line 4491.
Package hyperref Info: Hyper index ON on input line 4494.
Package hyperref Info: Plain pages OFF on input line 4501.
Package hyperref Info: Backreferencing OFF on input line 4506.
Package hyperref Info: Implicit mode ON; LaTeX internals redefined.
Package hyperref Info: Bookmarks ON on input line 4735.
\c@Hy@tempcnt=\count107

(C:\Users\vandijkm\AppData\Roaming\MiKTeX\2.9\tex\latex\url\url.sty
\Urlmuskip=\muskip11
Package: url 2013/09/16  ver 3.4  Verb mode for urls, etc.
)
LaTeX Info: Redefining \url on input line 5088.
\XeTeXLinkMargin=\dimen122
\Fld@menulength=\count108
\Field@Width=\dimen123
\Fld@charsize=\dimen124
Package hyperref Info: Hyper figures OFF on input line 6342.
Package hyperref Info: Link nesting OFF on input line 6347.
Package hyperref Info: Hyper index ON on input line 6350.
Package hyperref Info: backreferencing OFF on input line 6357.
Package hyperref Info: Link coloring OFF on input line 6362.
Package hyperref Info: Link coloring with OCG OFF on input line 6367.
Package hyperref Info: PDF/A mode OFF on input line 6372.
LaTeX Info: Redefining \ref on input line 6412.
LaTeX Info: Redefining \pageref on input line 6416.
\Hy@abspage=\count109
\c@Item=\count110
\c@Hfootnote=\count111
)

Package hyperref Message: Driver (autodetected): hpdftex.

("C:\MiKTeX 2.9\tex\latex\hyperref\hpdftex.def"
File: hpdftex.def 2016/06/24 v6.83q Hyperref driver for pdfTeX
\Fld@listcount=\count112
\c@bookmark@seq@number=\count113

("C:\MiKTeX 2.9\tex\latex\oberdiek\rerunfilecheck.sty"
Package: rerunfilecheck 2016/05/16 v1.8 Rerun checks for auxiliary files (HO)
Package uniquecounter Info: New unique counter `rerunfilecheck' on input line 2
82.
)
\Hy@SectionHShift=\skip47
)
Package hyperref Info: Option `unicode' set `true' on input line 30.

("C:\MiKTeX 2.9\tex\latex\hyperref\puenc.def"
File: puenc.def 2016/06/24 v6.83q Hyperref: PDF Unicode definition (HO)
Now handling font encoding PU ...
... no UTF-8 mapping file for font encoding PU
)
Package hyperref Info: Option `breaklinks' set `true' on input line 30.

("C:\MiKTeX 2.9\tex\latex\tools\longtable.sty"
Package: longtable 2014/10/28 v4.11 Multi-page Table package (DPC)
\LTleft=\skip48
\LTright=\skip49
\LTpre=\skip50
\LTpost=\skip51
\LTchunksize=\count114
\LTcapwidth=\dimen125
\LT@head=\box28
\LT@firsthead=\box29
\LT@foot=\box30
\LT@lastfoot=\box31
\LT@cols=\count115
\LT@rows=\count116
\c@LT@tables=\count117
\c@LT@chunks=\count118
\LT@p@ftn=\toks25
)
(C:\Users\vandijkm\AppData\Roaming\MiKTeX\2.9\tex\latex\booktabs\booktabs.sty
Package: booktabs 2005/04/14 v1.61803 publication quality tables
\heavyrulewidth=\dimen126
\lightrulewidth=\dimen127
\cmidrulewidth=\dimen128
\belowrulesep=\dimen129
\belowbottomsep=\dimen130
\aboverulesep=\dimen131
\abovetopsep=\dimen132
\cmidrulesep=\dimen133
\cmidrulekern=\dimen134
\defaultaddspace=\dimen135
\@cmidla=\count119
\@cmidlb=\count120
\@aboverulesep=\dimen136
\@belowrulesep=\dimen137
\@thisruleclass=\count121
\@lastruleclass=\count122
\@thisrulewidth=\dimen138
)
("C:\MiKTeX 2.9\tex\latex\graphics\graphicx.sty"
Package: graphicx 2014/10/28 v1.0g Enhanced LaTeX Graphics (DPC,SPQR)

("C:\MiKTeX 2.9\tex\latex\graphics\graphics.sty"
Package: graphics 2016/07/10 v1.0t Standard LaTeX Graphics (DPC,SPQR)

("C:\MiKTeX 2.9\tex\latex\graphics\trig.sty"
Package: trig 2016/01/03 v1.10 sin cos tan (DPC)
)
("C:\MiKTeX 2.9\tex\latex\graphics-cfg\graphics.cfg"
File: graphics.cfg 2016/06/04 v1.11 sample graphics configuration
)
Package graphics Info: Driver file: pdftex.def on input line 99.

("C:\MiKTeX 2.9\tex\latex\graphics-def\pdftex.def"
File: pdftex.def 2016/07/10 v0.06j Graphics/color for pdfTeX
\Gread@gobject=\count123
))
\Gin@req@height=\dimen139
\Gin@req@width=\dimen140
)
("C:\MiKTeX 2.9\tex\latex\oberdiek\grffile.sty"
Package: grffile 2016/05/16 v1.17 Extended file name support for graphics (HO)
Package grffile Info: Option `multidot' is set to `true'.
Package grffile Info: Option `extendedchars' is set to `false'.
Package grffile Info: Option `space' is set to `true'.
Package grffile Info: \Gin@ii of package `graphicx' fixed on input line 486.
)
("C:\MiKTeX 2.9\tex\latex\ltxmisc\parskip.sty"
Package: parskip 2001/04/09 non-zero parskip adjustments
)
(C:\Users\vandijkm\AppData\Roaming\MiKTeX\2.9\tex\latex\titling\titling.sty
Package: titling 2009/09/04 v2.1d maketitle typesetting
\thanksmarkwidth=\skip52
\thanksmargin=\skip53
\droptitle=\skip54
)
(H:\MyDocuments\Github\Global-to-local-GLOBIOM\Report\MWI\./tex2pdf.7912\input.
aux)
\openout1 = `input.aux'.

LaTeX Font Info:    Checking defaults for OML/cmm/m/it on input line 88.
LaTeX Font Info:    ... okay on input line 88.
LaTeX Font Info:    Checking defaults for T1/cmr/m/n on input line 88.
LaTeX Font Info:    ... okay on input line 88.
LaTeX Font Info:    Checking defaults for OT1/cmr/m/n on input line 88.
LaTeX Font Info:    ... okay on input line 88.
LaTeX Font Info:    Checking defaults for OMS/cmsy/m/n on input line 88.
LaTeX Font Info:    ... okay on input line 88.
LaTeX Font Info:    Checking defaults for OMX/cmex/m/n on input line 88.
LaTeX Font Info:    ... okay on input line 88.
LaTeX Font Info:    Checking defaults for U/cmr/m/n on input line 88.
LaTeX Font Info:    ... okay on input line 88.
LaTeX Font Info:    Checking defaults for TS1/cmr/m/n on input line 88.
LaTeX Font Info:    Try loading font information for TS1+cmr on input line 88.
 ("C:\MiKTeX 2.9\tex\latex\base\ts1cmr.fd"
File: ts1cmr.fd 2014/09/29 v2.5h Standard LaTeX font definitions
)
LaTeX Font Info:    ... okay on input line 88.
LaTeX Font Info:    Checking defaults for PD1/pdf/m/n on input line 88.
LaTeX Font Info:    ... okay on input line 88.
LaTeX Font Info:    Checking defaults for PU/pdf/m/n on input line 88.
LaTeX Font Info:    ... okay on input line 88.
LaTeX Font Info:    Try loading font information for T1+lmr on input line 88.

("C:\MiKTeX 2.9\tex\latex\lm\t1lmr.fd"
File: t1lmr.fd 2009/10/30 v1.6 Font defs for Latin Modern
)
LaTeX Info: Redefining \microtypecontext on input line 88.
Package microtype Info: Generating PDF output.
Package microtype Info: Character protrusion enabled (level 2).
Package microtype Info: Using protrusion set `basicmath'.
Package microtype Info: Automatic font expansion enabled (level 2),
(microtype)             stretch: 20, shrink: 20, step: 1, non-selected.
Package microtype Info: Using default expansion set `basictext'.
Package microtype Info: No adjustment of tracking.
Package microtype Info: No adjustment of interword spacing.
Package microtype Info: No adjustment of character kerning.

(C:\Users\vandijkm\AppData\Roaming\MiKTeX\2.9\tex\latex\microtype\mt-cmr.cfg
File: mt-cmr.cfg 2013/05/19 v2.2 microtype config. file: Computer Modern Roman 
(RS)
)
*geometry* driver: auto-detecting
*geometry* detected driver: pdftex
*geometry* verbose mode - [ preamble ] result:
* driver: pdftex
* paper: <default>
* layout: <same size as paper>
* layoutoffset:(h,v)=(0.0pt,0.0pt)
* modes: 
* h-part:(L,W,R)=(72.26999pt, 469.75502pt, 72.26999pt)
* v-part:(T,H,B)=(72.26999pt, 650.43001pt, 72.26999pt)
* \paperwidth=614.295pt
* \paperheight=794.96999pt
* \textwidth=469.75502pt
* \textheight=650.43001pt
* \oddsidemargin=0.0pt
* \evensidemargin=0.0pt
* \topmargin=-37.0pt
* \headheight=12.0pt
* \headsep=25.0pt
* \topskip=10.0pt
* \footskip=30.0pt
* \marginparwidth=65.0pt
* \marginparsep=11.0pt
* \columnsep=10.0pt
* \skip\footins=9.0pt plus 4.0pt minus 2.0pt
* \hoffset=0.0pt
* \voffset=0.0pt
* \mag=1000
* \@twocolumnfalse
* \@twosidefalse
* \@mparswitchfalse
* \@reversemarginfalse
* (1in=72.27pt=25.4mm, 1cm=28.453pt)

\AtBeginShipoutBox=\box32
Package hyperref Info: Link coloring OFF on input line 88.
("C:\MiKTeX 2.9\tex\latex\hyperref\nameref.sty"
Package: nameref 2016/05/21 v2.44 Cross-referencing by name of section

("C:\MiKTeX 2.9\tex\generic\oberdiek\gettitlestring.sty"
Package: gettitlestring 2016/05/16 v1.5 Cleanup title references (HO)
)
\c@section@level=\count124
)
LaTeX Info: Redefining \ref on input line 88.
LaTeX Info: Redefining \pageref on input line 88.
LaTeX Info: Redefining \nameref on input line 88.

(H:\MyDocuments\Github\Global-to-local-GLOBIOM\Report\MWI\./tex2pdf.7912\input.
out)
(H:\MyDocuments\Github\Global-to-local-GLOBIOM\Report\MWI\./tex2pdf.7912\input.
out)
\@outlinefile=\write3
\openout3 = `input.out'.


(C:\Users\vandijkm\AppData\Roaming\MiKTeX\2.9\tex\context\base\supp-pdf.mkii
[Loading MPS to PDF converter (version 2006.09.02).]
\scratchcounter=\count125
\scratchdimen=\dimen141
\scratchbox=\box33
\nofMPsegments=\count126
\nofMParguments=\count127
\everyMPshowfont=\toks26
\MPscratchCnt=\count128
\MPscratchDim=\dimen142
\MPnumerator=\count129
\makeMPintoPDFobject=\count130
\everyMPtoPDFconversion=\toks27
) ("C:\MiKTeX 2.9\tex\latex\oberdiek\epstopdf-base.sty"
Package: epstopdf-base 2016/05/15 v2.6 Base part for package epstopdf

("C:\MiKTeX 2.9\tex\latex\oberdiek\grfext.sty"
Package: grfext 2016/05/16 v1.2 Manage graphics extensions (HO)
)
Package epstopdf-base Info: Redefining graphics rule for `.eps' on input line 4
38.
Package grfext Info: Graphics extension search list:
(grfext)             [.png,.pdf,.jpg,.mps,.jpeg,.jbig2,.jb2,.PNG,.PDF,.JPG,.JPE
G,.JBIG2,.JB2,.eps]
(grfext)             \AppendGraphicsExtensions on input line 456.
)
Overfull \vbox (2.19081pt too high) has occurred while \output is active []


[1

{C:/Users/vandijkm/AppData/Local/MiKTeX/2.9/pdftex/config/pdftex.map}]
<H:/MyDocuments/Github/Global-to-local-GLOBIOM/FigTabMap/out-FAOSTAT_ag_stat_co
mpare-1.png, id=13, 3613.5pt x 2409.0pt>
File: H:/MyDocuments/Github/Global-to-local-GLOBIOM/FigTabMap/out-FAOSTAT_ag_st
at_compare-1.png Graphic file (type png)

<use H:/MyDocuments/Github/Global-to-local-GLOBIOM/FigTabMap/out-FAOSTAT_ag_sta
t_compare-1.png>
Package pdftex.def Info: H:/MyDocuments/Github/Global-to-local-GLOBIOM/FigTabMa
p/out-FAOSTAT_ag_stat_compare-1.png used on input line 492.
(pdftex.def)             Requested size: 469.71635pt x 313.14424pt.

<H:/MyDocuments/Github/Global-to-local-GLOBIOM/FigTabMap/out-FAOSTAT_ag_stat_co
mpare-2.png, id=14, 3613.5pt x 2409.0pt>
File: H:/MyDocuments/Github/Global-to-local-GLOBIOM/FigTabMap/out-FAOSTAT_ag_st
at_compare-2.png Graphic file (type png)

<use H:/MyDocuments/Github/Global-to-local-GLOBIOM/FigTabMap/out-FAOSTAT_ag_sta
t_compare-2.png>
Package pdftex.def Info: H:/MyDocuments/Github/Global-to-local-GLOBIOM/FigTabMa
p/out-FAOSTAT_ag_stat_compare-2.png used on input line 493.
(pdftex.def)             Requested size: 469.71635pt x 313.14424pt.

<H:/MyDocuments/Github/Global-to-local-GLOBIOM/FigTabMap/out-FAOSTAT_ag_stat_co
mpare-3.png, id=15, 3613.5pt x 2409.0pt>
File: H:/MyDocuments/Github/Global-to-local-GLOBIOM/FigTabMap/out-FAOSTAT_ag_st
at_compare-3.png Graphic file (type png)

<use H:/MyDocuments/Github/Global-to-local-GLOBIOM/FigTabMap/out-FAOSTAT_ag_sta
t_compare-3.png>
Package pdftex.def Info: H:/MyDocuments/Github/Global-to-local-GLOBIOM/FigTabMa
p/out-FAOSTAT_ag_stat_compare-3.png used on input line 494.
(pdftex.def)             Requested size: 469.71635pt x 313.14424pt.

<H:/MyDocuments/Github/Global-to-local-GLOBIOM/FigTabMap/out-FAOSTAT_ag_stat_co
mpare-4.png, id=16, 3613.5pt x 2409.0pt>
File: H:/MyDocuments/Github/Global-to-local-GLOBIOM/FigTabMap/out-FAOSTAT_ag_st
at_compare-4.png Graphic file (type png)

<use H:/MyDocuments/Github/Global-to-local-GLOBIOM/FigTabMap/out-FAOSTAT_ag_sta
t_compare-4.png>
Package pdftex.def Info: H:/MyDocuments/Github/Global-to-local-GLOBIOM/FigTabMa
p/out-FAOSTAT_ag_stat_compare-4.png used on input line 495.
(pdftex.def)             Requested size: 469.71635pt x 313.14424pt.

Underfull \hbox (badness 10000) in paragraph at lines 492--496
[][]
 []


Underfull \hbox (badness 10000) in paragraph at lines 492--496
[]
 []


Underfull \hbox (badness 10000) in paragraph at lines 492--496
[]
 []

[2 <H:/MyDocuments/Github/Global-to-local-GLOBIOM/FigTabMap/out-FAOSTAT_ag_stat
_compare-1.png> <H:/MyDocuments/Github/Global-to-local-GLOBIOM/FigTabMap/out-FA
OSTAT_ag_stat_compare-2.png>]
Overfull \hbox (13.29362pt too wide) in paragraph at lines 499--501
 []|\T1/lmr/m/n/10 (-20) year|
 []


Overfull \hbox (60.42206pt too wide) in paragraph at lines 501--503
[]|\T1/lmr/m/n/10 (-20) ALLPRODUCT|  
 []


Overfull \hbox (38.04381pt too wide) in paragraph at lines 503--505
 []|\T1/lmr/m/n/10 (-20) BALAKA|
 []


Overfull \hbox (46.67998pt too wide) in paragraph at lines 505--507
 []|\T1/lmr/m/n/10 (-20) BLANTYRE|
 []


Overfull \hbox (47.70313pt too wide) in paragraph at lines 507--509
 []|\T1/lmr/m/n/10 (-20) CHIKWAWA|
 []


Overfull \hbox (57.43303pt too wide) in paragraph at lines 509--511
 []|\T1/lmr/m/n/10 (-20) CHIRADZULU|
 []


Overfull \hbox (37.07376pt too wide) in paragraph at lines 511--513
 []|\T1/lmr/m/n/10 (-20) CHITIPA|
 []


Overfull \hbox (30.28564pt too wide) in paragraph at lines 513--515
 []|\T1/lmr/m/n/10 (-20) DEDZA|
 []


Overfull \hbox (26.44719pt too wide) in paragraph at lines 515--517
 []|\T1/lmr/m/n/10 (-20) DOWA|
 []


Overfull \hbox (47.22595pt too wide) in paragraph at lines 517--519
 []|\T1/lmr/m/n/10 (-20) KARONGA|
 []


Overfull \hbox (45.46193pt too wide) in paragraph at lines 519--521
 []|\T1/lmr/m/n/10 (-20) KASUNGU|
 []


Overfull \hbox (36.54732pt too wide) in paragraph at lines 521--523
 []|\T1/lmr/m/n/10 (-20) LIKOMA|
 []


Overfull \hbox (45.79597pt too wide) in paragraph at lines 523--525
 []|\T1/lmr/m/n/10 (-20) LILONGWE|
 []


Overfull \hbox (47.0152pt too wide) in paragraph at lines 525--527
 []|\T1/lmr/m/n/10 (-20) MACHINGA|
 []


Overfull \hbox (47.5654pt too wide) in paragraph at lines 527--529
 []|\T1/lmr/m/n/10 (-20) MANGOCHI|
 []


Overfull \hbox (38.18004pt too wide) in paragraph at lines 529--531
 []|\T1/lmr/m/n/10 (-20) MCHINJI|
 []


Overfull \hbox (44.16933pt too wide) in paragraph at lines 531--533
 []|\T1/lmr/m/n/10 (-20) MULANJE|
 []


Overfull \hbox (41.28877pt too wide) in paragraph at lines 533--535
 []|\T1/lmr/m/n/10 (-20) MWANZA|
 []


Overfull \hbox (37.09123pt too wide) in paragraph at lines 535--537
 []|\T1/lmr/m/n/10 (-20) MZIMBA|
 []


Overfull \hbox (32.65622pt too wide) in paragraph at lines 537--539
 []|\T1/lmr/m/n/10 (-20) NKHATA
 []


Overfull \hbox (11.4109pt too wide) in paragraph at lines 537--539
 \T1/lmr/m/n/10 (-20) BAY|
 []


Overfull \hbox (62.98105pt too wide) in paragraph at lines 539--541
 []|\T1/lmr/m/n/10 (-20) NKHOTAKOTA|
 []


Overfull \hbox (34.50505pt too wide) in paragraph at lines 541--543
 []|\T1/lmr/m/n/10 (-20) NSANJE|
 []


Overfull \hbox (38.17957pt too wide) in paragraph at lines 543--545
 []|\T1/lmr/m/n/10 (-20) NTCHEU|
 []


Overfull \hbox (36.6821pt too wide) in paragraph at lines 545--547
 []|\T1/lmr/m/n/10 (-20) NTCHISI|
 []


Overfull \hbox (48.3141pt too wide) in paragraph at lines 547--549
 []|\T1/lmr/m/n/10 (-20) PHALOMBE|
 []


Overfull \hbox (36.13286pt too wide) in paragraph at lines 549--551
 []|\T1/lmr/m/n/10 (-20) RUMPHI|
 []


Overfull \hbox (34.09686pt too wide) in paragraph at lines 551--553
 []|\T1/lmr/m/n/10 (-20) SALIMA|
 []


Overfull \hbox (38.45245pt too wide) in paragraph at lines 553--555
 []|\T1/lmr/m/n/10 (-20) THYOLO|
 []


Overfull \hbox (32.19122pt too wide) in paragraph at lines 555--557
 []|\T1/lmr/m/n/10 (-20) ZOMBA|
 []


Overfull \hbox (49.42064pt too wide) in alignment at lines 497--559
 [] [] [] [] [] [] [] [] [] [] [] [] [] [] [] [] [] [] [] [] [] [] [] [] [] [] 
[] [] [] 
 []


Overfull \hbox (17.62721pt too wide) in paragraph at lines 560--562
 []|\T1/lmr/m/n/10 (-20) 2,007|
 []


Overfull \hbox (14.28607pt too wide) in paragraph at lines 562--564
[]|\T1/lmr/m/n/10 (-20) BeaD|  
 []


Overfull \hbox (12.72722pt too wide) in paragraph at lines 564--566
 []|\T1/lmr/m/n/10 (-20) 0.42|
 []


Overfull \hbox (8.02509pt too wide) in paragraph at lines 566--568
 []|\T1/lmr/m/n/10 (-20) 0.20|
 []


Overfull \hbox (8.02509pt too wide) in paragraph at lines 568--570
 []|\T1/lmr/m/n/10 (-20) 0.30|
 []


Overfull \hbox (8.02509pt too wide) in paragraph at lines 570--572
 []|\T1/lmr/m/n/10 (-20) 0.54|
 []


Overfull \hbox (12.72722pt too wide) in paragraph at lines 572--574
 []|\T1/lmr/m/n/10 (-20) 1.40|
 []


Overfull \hbox (12.72722pt too wide) in paragraph at lines 574--576
 []|\T1/lmr/m/n/10 (-20) 5.19|
 []


Overfull \hbox (12.72722pt too wide) in paragraph at lines 576--578
 []|\T1/lmr/m/n/10 (-20) 0.72|
 []


Overfull \hbox (12.72722pt too wide) in paragraph at lines 578--580
 []|\T1/lmr/m/n/10 (-20) 0.31|
 []


Overfull \hbox (12.72722pt too wide) in paragraph at lines 580--582
 []|\T1/lmr/m/n/10 (-20) 0.91|
 []


Overfull \hbox (12.72722pt too wide) in paragraph at lines 582--584
 []|\T1/lmr/m/n/10 (-20) 0.00|
 []


Overfull \hbox (8.02509pt too wide) in paragraph at lines 584--586
 []|\T1/lmr/m/n/10 (-20) 1.38|
 []


Overfull \hbox (8.02509pt too wide) in paragraph at lines 586--588
 []|\T1/lmr/m/n/10 (-20) 1.08|
 []


Overfull \hbox (8.02509pt too wide) in paragraph at lines 588--590
 []|\T1/lmr/m/n/10 (-20) 1.15|
 []


Overfull \hbox (12.72722pt too wide) in paragraph at lines 590--592
 []|\T1/lmr/m/n/10 (-20) 0.51|
 []


Overfull \hbox (12.72722pt too wide) in paragraph at lines 592--594
 []|\T1/lmr/m/n/10 (-20) 0.17|
 []


Overfull \hbox (12.72722pt too wide) in paragraph at lines 594--596
 []|\T1/lmr/m/n/10 (-20) 1.79|
 []


Overfull \hbox (12.72722pt too wide) in paragraph at lines 596--598
 []|\T1/lmr/m/n/10 (-20) 2.34|
 []


Overfull \hbox (8.02509pt too wide) in paragraph at lines 598--600
 []|\T1/lmr/m/n/10 (-20) 0.07|
 []


Overfull \hbox (8.02509pt too wide) in paragraph at lines 600--602
 []|\T1/lmr/m/n/10 (-20) 4.30|
 []


Overfull \hbox (12.72722pt too wide) in paragraph at lines 602--604
 []|\T1/lmr/m/n/10 (-20) 1.89|
 []


Overfull \hbox (12.72722pt too wide) in paragraph at lines 604--606
 []|\T1/lmr/m/n/10 (-20) 1.26|
 []


Overfull \hbox (12.72722pt too wide) in paragraph at lines 606--608
 []|\T1/lmr/m/n/10 (-20) 1.41|
 []


Overfull \hbox (8.02509pt too wide) in paragraph at lines 608--610
 []|\T1/lmr/m/n/10 (-20) 0.14|
 []


Overfull \hbox (12.72722pt too wide) in paragraph at lines 610--612
 []|\T1/lmr/m/n/10 (-20) 4.92|
 []


Overfull \hbox (12.72722pt too wide) in paragraph at lines 612--614
 []|\T1/lmr/m/n/10 (-20) 0.15|
 []


Overfull \hbox (12.72722pt too wide) in paragraph at lines 614--616
 []|\T1/lmr/m/n/10 (-20) 0.75|
 []


Overfull \hbox (12.72722pt too wide) in paragraph at lines 616--618
 []|\T1/lmr/m/n/10 (-20) 0.80|
 []


Overfull \hbox (17.62721pt too wide) in paragraph at lines 619--621
 []|\T1/lmr/m/n/10 (-20) 2,007|
 []


Overfull \hbox (10.31166pt too wide) in paragraph at lines 621--623
[]|\T1/lmr/m/n/10 (-20) Cass|  
 []


Overfull \hbox (12.72722pt too wide) in paragraph at lines 623--625
 []|\T1/lmr/m/n/10 (-20) 0.30|
 []


Overfull \hbox (8.02509pt too wide) in paragraph at lines 625--627
 []|\T1/lmr/m/n/10 (-20) 0.39|
 []


Overfull \hbox (8.02509pt too wide) in paragraph at lines 627--629
 []|\T1/lmr/m/n/10 (-20) 0.09|
 []


Overfull \hbox (8.02509pt too wide) in paragraph at lines 629--631
 []|\T1/lmr/m/n/10 (-20) 0.34|
 []


Overfull \hbox (12.72722pt too wide) in paragraph at lines 631--633
 []|\T1/lmr/m/n/10 (-20) 4.84|
 []


Overfull \hbox (12.72722pt too wide) in paragraph at lines 633--635
 []|\T1/lmr/m/n/10 (-20) 2.24|
 []


Overfull \hbox (12.72722pt too wide) in paragraph at lines 635--637
 []|\T1/lmr/m/n/10 (-20) 0.69|
 []


Overfull \hbox (17.62721pt too wide) in paragraph at lines 637--639
 []|\T1/lmr/m/n/10 (-20) 37.01|
 []


Overfull \hbox (12.72722pt too wide) in paragraph at lines 639--641
 []|\T1/lmr/m/n/10 (-20) 2.96|
 []


Overfull \hbox (17.62721pt too wide) in paragraph at lines 641--643
 []|\T1/lmr/m/n/10 (-20) 15.38|
 []


Overfull \hbox (8.02509pt too wide) in paragraph at lines 643--645
 []|\T1/lmr/m/n/10 (-20) 0.52|
 []


Overfull \hbox (8.02509pt too wide) in paragraph at lines 645--647
 []|\T1/lmr/m/n/10 (-20) 0.69|
 []


Overfull \hbox (8.02509pt too wide) in paragraph at lines 647--649
 []|\T1/lmr/m/n/10 (-20) 0.97|
 []


Overfull \hbox (12.72722pt too wide) in paragraph at lines 649--651
 []|\T1/lmr/m/n/10 (-20) 0.55|
 []


Overfull \hbox (12.72722pt too wide) in paragraph at lines 651--653
 []|\T1/lmr/m/n/10 (-20) 0.33|
 []


Overfull \hbox (12.72722pt too wide) in paragraph at lines 653--655
 []|\T1/lmr/m/n/10 (-20) 0.87|
 []


Overfull \hbox (12.72722pt too wide) in paragraph at lines 655--657
 []|\T1/lmr/m/n/10 (-20) 2.74|
 []


Overfull \hbox (12.92508pt too wide) in paragraph at lines 657--659
 []|\T1/lmr/m/n/10 (-20) 77.17|
 []


Overfull \hbox (12.92508pt too wide) in paragraph at lines 659--661
 []|\T1/lmr/m/n/10 (-20) 28.38|
 []


Overfull \hbox (12.72722pt too wide) in paragraph at lines 661--663
 []|\T1/lmr/m/n/10 (-20) 0.00|
 []


Overfull \hbox (12.72722pt too wide) in paragraph at lines 663--665
 []|\T1/lmr/m/n/10 (-20) 0.93|
 []


Overfull \hbox (12.72722pt too wide) in paragraph at lines 665--667
 []|\T1/lmr/m/n/10 (-20) 0.23|
 []


Overfull \hbox (8.02509pt too wide) in paragraph at lines 667--669
 []|\T1/lmr/m/n/10 (-20) 0.75|
 []


Overfull \hbox (12.72722pt too wide) in paragraph at lines 669--671
 []|\T1/lmr/m/n/10 (-20) 5.20|
 []


Overfull \hbox (12.72722pt too wide) in paragraph at lines 671--673
 []|\T1/lmr/m/n/10 (-20) 1.33|
 []


Overfull \hbox (12.72722pt too wide) in paragraph at lines 673--675
 []|\T1/lmr/m/n/10 (-20) 0.86|
 []


Overfull \hbox (12.72722pt too wide) in paragraph at lines 675--677
 []|\T1/lmr/m/n/10 (-20) 0.88|
 []


Overfull \hbox (17.62721pt too wide) in paragraph at lines 678--680
 []|\T1/lmr/m/n/10 (-20) 2,007|
 []


Overfull \hbox (14.96666pt too wide) in paragraph at lines 680--682
[]|\T1/lmr/m/n/10 (-20) ChkP|  
 []


Overfull \hbox (12.72722pt too wide) in paragraph at lines 682--684
 []|\T1/lmr/m/n/10 (-20) 0.22|
 []


Overfull \hbox (8.02509pt too wide) in paragraph at lines 684--686
 []|\T1/lmr/m/n/10 (-20) 4.23|
 []


Overfull \hbox (8.02509pt too wide) in paragraph at lines 686--688
 []|\T1/lmr/m/n/10 (-20) 3.06|
 []


Overfull \hbox (8.02509pt too wide) in paragraph at lines 688--690
 []|\T1/lmr/m/n/10 (-20) 9.50|
 []


Overfull \hbox (12.72722pt too wide) in paragraph at lines 690--692
 []|\T1/lmr/m/n/10 (-20) 0.06|
 []


Overfull \hbox (12.72722pt too wide) in paragraph at lines 692--694
 []|\T1/lmr/m/n/10 (-20) 0.79|
 []


Overfull \hbox (12.72722pt too wide) in paragraph at lines 694--696
 []|\T1/lmr/m/n/10 (-20) 0.26|
 []


Overfull \hbox (12.72722pt too wide) in paragraph at lines 696--698
 []|\T1/lmr/m/n/10 (-20) 0.05|
 []


Overfull \hbox (12.72722pt too wide) in paragraph at lines 698--700
 []|\T1/lmr/m/n/10 (-20) 0.19|
 []


Overfull \hbox (12.72722pt too wide) in paragraph at lines 700--702
 []|\T1/lmr/m/n/10 (-20) 0.00|
 []


Overfull \hbox (8.02509pt too wide) in paragraph at lines 702--704
 []|\T1/lmr/m/n/10 (-20) 0.09|
 []


Overfull \hbox (8.02509pt too wide) in paragraph at lines 704--706
 []|\T1/lmr/m/n/10 (-20) 3.23|
 []


Overfull \hbox (8.02509pt too wide) in paragraph at lines 706--708
 []|\T1/lmr/m/n/10 (-20) 2.36|
 []


Overfull \hbox (12.72722pt too wide) in paragraph at lines 708--710
 []|\T1/lmr/m/n/10 (-20) 0.11|
 []


Overfull \hbox (12.72722pt too wide) in paragraph at lines 710--712
 []|\T1/lmr/m/n/10 (-20) 0.94|
 []


Overfull \hbox (12.72722pt too wide) in paragraph at lines 712--714
 []|\T1/lmr/m/n/10 (-20) 7.18|
 []


Overfull \hbox (12.72722pt too wide) in paragraph at lines 714--716
 []|\T1/lmr/m/n/10 (-20) 0.42|
 []


Overfull \hbox (8.02509pt too wide) in paragraph at lines 716--718
 []|\T1/lmr/m/n/10 (-20) 0.00|
 []


Overfull \hbox (8.02509pt too wide) in paragraph at lines 718--720
 []|\T1/lmr/m/n/10 (-20) 1.06|
 []


Overfull \hbox (12.72722pt too wide) in paragraph at lines 720--722
 []|\T1/lmr/m/n/10 (-20) 1.59|
 []


Overfull \hbox (12.72722pt too wide) in paragraph at lines 722--724
 []|\T1/lmr/m/n/10 (-20) 0.91|
 []


Overfull \hbox (12.72722pt too wide) in paragraph at lines 724--726
 []|\T1/lmr/m/n/10 (-20) 0.00|
 []


Overfull \hbox (8.02509pt too wide) in paragraph at lines 726--728
 []|\T1/lmr/m/n/10 (-20) 2.05|
 []


Overfull \hbox (12.72722pt too wide) in paragraph at lines 728--730
 []|\T1/lmr/m/n/10 (-20) 0.12|
 []


Overfull \hbox (12.72722pt too wide) in paragraph at lines 730--732
 []|\T1/lmr/m/n/10 (-20) 0.12|
 []


Overfull \hbox (17.62721pt too wide) in paragraph at lines 732--734
 []|\T1/lmr/m/n/10 (-20) 12.53|
 []


Overfull \hbox (12.72722pt too wide) in paragraph at lines 734--736
 []|\T1/lmr/m/n/10 (-20) 3.89|
 []


Overfull \hbox (17.62721pt too wide) in paragraph at lines 737--739
 []|\T1/lmr/m/n/10 (-20) 2,007|
 []


Overfull \hbox (11.86317pt too wide) in paragraph at lines 739--741
[]|\T1/lmr/m/n/10 (-20) Corn|  
 []


Overfull \hbox (17.62721pt too wide) in paragraph at lines 741--743
 []|\T1/lmr/m/n/10 (-20) 70.84|
 []


Overfull \hbox (12.92508pt too wide) in paragraph at lines 743--745
 []|\T1/lmr/m/n/10 (-20) 90.63|
 []


Overfull \hbox (12.92508pt too wide) in paragraph at lines 745--747
 []|\T1/lmr/m/n/10 (-20) 44.74|
 []


Overfull \hbox (12.92508pt too wide) in paragraph at lines 747--749
 []|\T1/lmr/m/n/10 (-20) 76.41|
 []


Overfull \hbox (17.62721pt too wide) in paragraph at lines 749--751
 []|\T1/lmr/m/n/10 (-20) 76.27|
 []


Overfull \hbox (17.62721pt too wide) in paragraph at lines 751--753
 []|\T1/lmr/m/n/10 (-20) 56.34|
 []


Overfull \hbox (17.62721pt too wide) in paragraph at lines 753--755
 []|\T1/lmr/m/n/10 (-20) 72.15|
 []


Overfull \hbox (17.62721pt too wide) in paragraph at lines 755--757
 []|\T1/lmr/m/n/10 (-20) 23.45|
 []


Overfull \hbox (17.62721pt too wide) in paragraph at lines 757--759
 []|\T1/lmr/m/n/10 (-20) 64.89|
 []


Overfull \hbox (17.62721pt too wide) in paragraph at lines 759--761
 []|\T1/lmr/m/n/10 (-20) 84.62|
 []


Overfull \hbox (12.92508pt too wide) in paragraph at lines 761--763
 []|\T1/lmr/m/n/10 (-20) 64.34|
 []


Overfull \hbox (12.92508pt too wide) in paragraph at lines 763--765
 []|\T1/lmr/m/n/10 (-20) 76.34|
 []


Overfull \hbox (12.92508pt too wide) in paragraph at lines 765--767
 []|\T1/lmr/m/n/10 (-20) 77.12|
 []


Overfull \hbox (17.62721pt too wide) in paragraph at lines 767--769
 []|\T1/lmr/m/n/10 (-20) 68.05|
 []


Overfull \hbox (17.62721pt too wide) in paragraph at lines 769--771
 []|\T1/lmr/m/n/10 (-20) 93.23|
 []


Overfull \hbox (17.62721pt too wide) in paragraph at lines 771--773
 []|\T1/lmr/m/n/10 (-20) 78.68|
 []


Overfull \hbox (17.62721pt too wide) in paragraph at lines 773--775
 []|\T1/lmr/m/n/10 (-20) 72.11|
 []


Overfull \hbox (12.92508pt too wide) in paragraph at lines 775--777
 []|\T1/lmr/m/n/10 (-20) 16.55|
 []


Overfull \hbox (12.92508pt too wide) in paragraph at lines 777--779
 []|\T1/lmr/m/n/10 (-20) 39.93|
 []


Overfull \hbox (17.62721pt too wide) in paragraph at lines 779--781
 []|\T1/lmr/m/n/10 (-20) 25.23|
 []


Overfull \hbox (17.62721pt too wide) in paragraph at lines 781--783
 []|\T1/lmr/m/n/10 (-20) 83.61|
 []


Overfull \hbox (17.62721pt too wide) in paragraph at lines 783--785
 []|\T1/lmr/m/n/10 (-20) 62.00|
 []


Overfull \hbox (12.92508pt too wide) in paragraph at lines 785--787
 []|\T1/lmr/m/n/10 (-20) 83.43|
 []


Overfull \hbox (17.62721pt too wide) in paragraph at lines 787--789
 []|\T1/lmr/m/n/10 (-20) 66.35|
 []


Overfull \hbox (17.62721pt too wide) in paragraph at lines 789--791
 []|\T1/lmr/m/n/10 (-20) 70.91|
 []


Overfull \hbox (17.62721pt too wide) in paragraph at lines 791--793
 []|\T1/lmr/m/n/10 (-20) 77.76|
 []


Overfull \hbox (17.62721pt too wide) in paragraph at lines 793--795
 []|\T1/lmr/m/n/10 (-20) 73.30|
 []


Overfull \hbox (17.62721pt too wide) in paragraph at lines 796--798
 []|\T1/lmr/m/n/10 (-20) 2,007|
 []


Overfull \hbox (10.20293pt too wide) in paragraph at lines 798--800
[]|\T1/lmr/m/n/10 (-20) Cott|  
 []


Overfull \hbox (17.62721pt too wide) in paragraph at lines 800--802
 []|\T1/lmr/m/n/10 (-20) 19.91|
 []


Overfull \hbox (8.02509pt too wide) in paragraph at lines 802--804
 []|\T1/lmr/m/n/10 (-20) 0.78|
 []


Overfull \hbox (12.92508pt too wide) in paragraph at lines 804--806
 []|\T1/lmr/m/n/10 (-20) 24.78|
 []


Overfull \hbox (8.02509pt too wide) in paragraph at lines 806--808
 []|\T1/lmr/m/n/10 (-20) 0.00|
 []


Overfull \hbox (12.72722pt too wide) in paragraph at lines 808--810
 []|\T1/lmr/m/n/10 (-20) 0.31|
 []


Overfull \hbox (12.72722pt too wide) in paragraph at lines 810--812
 []|\T1/lmr/m/n/10 (-20) 0.48|
 []


Overfull \hbox (12.72722pt too wide) in paragraph at lines 812--814
 []|\T1/lmr/m/n/10 (-20) 0.18|
 []


Overfull \hbox (12.72722pt too wide) in paragraph at lines 814--816
 []|\T1/lmr/m/n/10 (-20) 2.23|
 []


Overfull \hbox (12.72722pt too wide) in paragraph at lines 816--818
 []|\T1/lmr/m/n/10 (-20) 0.54|
 []


Overfull \hbox (12.72722pt too wide) in paragraph at lines 818--820
 []|\T1/lmr/m/n/10 (-20) 0.00|
 []


Overfull \hbox (8.02509pt too wide) in paragraph at lines 820--822
 []|\T1/lmr/m/n/10 (-20) 0.05|
 []


Overfull \hbox (8.02509pt too wide) in paragraph at lines 822--824
 []|\T1/lmr/m/n/10 (-20) 1.14|
 []


Overfull \hbox (8.02509pt too wide) in paragraph at lines 824--826
 []|\T1/lmr/m/n/10 (-20) 5.44|
 []


Overfull \hbox (12.72722pt too wide) in paragraph at lines 826--828
 []|\T1/lmr/m/n/10 (-20) 0.25|
 []


Overfull \hbox (12.72722pt too wide) in paragraph at lines 828--830
 []|\T1/lmr/m/n/10 (-20) 0.02|
 []


Overfull \hbox (12.72722pt too wide) in paragraph at lines 830--832
 []|\T1/lmr/m/n/10 (-20) 4.88|
 []


Overfull \hbox (12.72722pt too wide) in paragraph at lines 832--834
 []|\T1/lmr/m/n/10 (-20) 0.10|
 []


Overfull \hbox (8.02509pt too wide) in paragraph at lines 834--836
 []|\T1/lmr/m/n/10 (-20) 0.00|
 []


Overfull \hbox (8.02509pt too wide) in paragraph at lines 836--838
 []|\T1/lmr/m/n/10 (-20) 1.38|
 []


Overfull \hbox (12.72722pt too wide) in paragraph at lines 838--840
 []|\T1/lmr/m/n/10 (-20) 5.33|
 []


Overfull \hbox (12.72722pt too wide) in paragraph at lines 840--842
 []|\T1/lmr/m/n/10 (-20) 0.43|
 []


Overfull \hbox (12.72722pt too wide) in paragraph at lines 842--844
 []|\T1/lmr/m/n/10 (-20) 1.11|
 []


Overfull \hbox (8.02509pt too wide) in paragraph at lines 844--846
 []|\T1/lmr/m/n/10 (-20) 0.36|
 []


Overfull \hbox (12.72722pt too wide) in paragraph at lines 846--848
 []|\T1/lmr/m/n/10 (-20) 0.37|
 []


Overfull \hbox (17.62721pt too wide) in paragraph at lines 848--850
 []|\T1/lmr/m/n/10 (-20) 14.08|
 []


Overfull \hbox (12.72722pt too wide) in paragraph at lines 850--852
 []|\T1/lmr/m/n/10 (-20) 0.00|
 []


Overfull \hbox (12.72722pt too wide) in paragraph at lines 852--854
 []|\T1/lmr/m/n/10 (-20) 3.97|
 []


Overfull \hbox (17.62721pt too wide) in paragraph at lines 855--857
 []|\T1/lmr/m/n/10 (-20) 2,007|
 []


Overfull \hbox (12.71518pt too wide) in paragraph at lines 857--859
[]|\T1/lmr/m/n/10 (-20) Gnut|  
 []


Overfull \hbox (12.72722pt too wide) in paragraph at lines 859--861
 []|\T1/lmr/m/n/10 (-20) 2.08|
 []


Overfull \hbox (8.02509pt too wide) in paragraph at lines 861--863
 []|\T1/lmr/m/n/10 (-20) 0.66|
 []


Overfull \hbox (8.02509pt too wide) in paragraph at lines 863--865
 []|\T1/lmr/m/n/10 (-20) 1.17|
 []


Overfull \hbox (8.02509pt too wide) in paragraph at lines 865--867
 []|\T1/lmr/m/n/10 (-20) 2.66|
 []


Overfull \hbox (12.72722pt too wide) in paragraph at lines 867--869
 []|\T1/lmr/m/n/10 (-20) 5.78|
 []


Overfull \hbox (12.72722pt too wide) in paragraph at lines 869--871
 []|\T1/lmr/m/n/10 (-20) 9.52|
 []


Overfull \hbox (17.62721pt too wide) in paragraph at lines 871--873
 []|\T1/lmr/m/n/10 (-20) 10.29|
 []


Overfull \hbox (12.72722pt too wide) in paragraph at lines 873--875
 []|\T1/lmr/m/n/10 (-20) 1.45|
 []


Overfull \hbox (17.62721pt too wide) in paragraph at lines 875--877
 []|\T1/lmr/m/n/10 (-20) 12.90|
 []


Overfull \hbox (12.72722pt too wide) in paragraph at lines 877--879
 []|\T1/lmr/m/n/10 (-20) 0.00|
 []


Overfull \hbox (12.92508pt too wide) in paragraph at lines 879--881
 []|\T1/lmr/m/n/10 (-20) 19.88|
 []


Overfull \hbox (8.02509pt too wide) in paragraph at lines 881--883
 []|\T1/lmr/m/n/10 (-20) 2.79|
 []


Overfull \hbox (8.02509pt too wide) in paragraph at lines 883--885
 []|\T1/lmr/m/n/10 (-20) 4.31|
 []


Overfull \hbox (17.62721pt too wide) in paragraph at lines 885--887
 []|\T1/lmr/m/n/10 (-20) 21.22|
 []


Overfull \hbox (12.72722pt too wide) in paragraph at lines 887--889
 []|\T1/lmr/m/n/10 (-20) 0.27|
 []


Overfull \hbox (12.72722pt too wide) in paragraph at lines 889--891
 []|\T1/lmr/m/n/10 (-20) 3.47|
 []


Overfull \hbox (12.72722pt too wide) in paragraph at lines 891--893
 []|\T1/lmr/m/n/10 (-20) 5.50|
 []


Overfull \hbox (8.02509pt too wide) in paragraph at lines 893--895
 []|\T1/lmr/m/n/10 (-20) 0.38|
 []


Overfull \hbox (8.02509pt too wide) in paragraph at lines 895--897
 []|\T1/lmr/m/n/10 (-20) 8.98|
 []


Overfull \hbox (12.72722pt too wide) in paragraph at lines 897--899
 []|\T1/lmr/m/n/10 (-20) 4.88|
 []


Overfull \hbox (12.72722pt too wide) in paragraph at lines 899--901
 []|\T1/lmr/m/n/10 (-20) 4.10|
 []


Overfull \hbox (12.72722pt too wide) in paragraph at lines 901--903
 []|\T1/lmr/m/n/10 (-20) 7.87|
 []


Overfull \hbox (8.02509pt too wide) in paragraph at lines 903--905
 []|\T1/lmr/m/n/10 (-20) 2.89|
 []


Overfull \hbox (12.72722pt too wide) in paragraph at lines 905--907
 []|\T1/lmr/m/n/10 (-20) 4.08|
 []


Overfull \hbox (12.72722pt too wide) in paragraph at lines 907--909
 []|\T1/lmr/m/n/10 (-20) 9.63|
 []


Overfull \hbox (12.72722pt too wide) in paragraph at lines 909--911
 []|\T1/lmr/m/n/10 (-20) 0.75|
 []


Overfull \hbox (12.72722pt too wide) in paragraph at lines 911--913
 []|\T1/lmr/m/n/10 (-20) 4.00|
 []


Overfull \hbox (17.62721pt too wide) in paragraph at lines 914--916
 []|\T1/lmr/m/n/10 (-20) 2,007|
 []


Overfull \hbox (7.75316pt too wide) in paragraph at lines 916--918
[]|\T1/lmr/m/n/10 (-20) Mill|  
 []


Overfull \hbox (12.72722pt too wide) in paragraph at lines 918--920
 []|\T1/lmr/m/n/10 (-20) 1.23|
 []


Overfull \hbox (8.02509pt too wide) in paragraph at lines 920--922
 []|\T1/lmr/m/n/10 (-20) 0.08|
 []


Overfull \hbox (8.02509pt too wide) in paragraph at lines 922--924
 []|\T1/lmr/m/n/10 (-20) 6.27|
 []


Overfull \hbox (8.02509pt too wide) in paragraph at lines 924--926
 []|\T1/lmr/m/n/10 (-20) 1.69|
 []


Overfull \hbox (12.72722pt too wide) in paragraph at lines 926--928
 []|\T1/lmr/m/n/10 (-20) 2.47|
 []


Overfull \hbox (12.72722pt too wide) in paragraph at lines 928--930
 []|\T1/lmr/m/n/10 (-20) 0.24|
 []


Overfull \hbox (12.72722pt too wide) in paragraph at lines 930--932
 []|\T1/lmr/m/n/10 (-20) 0.00|
 []


Overfull \hbox (12.72722pt too wide) in paragraph at lines 932--934
 []|\T1/lmr/m/n/10 (-20) 1.97|
 []


Overfull \hbox (12.72722pt too wide) in paragraph at lines 934--936
 []|\T1/lmr/m/n/10 (-20) 0.47|
 []


Overfull \hbox (12.72722pt too wide) in paragraph at lines 936--938
 []|\T1/lmr/m/n/10 (-20) 0.00|
 []


Overfull \hbox (8.02509pt too wide) in paragraph at lines 938--940
 []|\T1/lmr/m/n/10 (-20) 0.02|
 []


Overfull \hbox (8.02509pt too wide) in paragraph at lines 940--942
 []|\T1/lmr/m/n/10 (-20) 0.28|
 []


Overfull \hbox (8.02509pt too wide) in paragraph at lines 942--944
 []|\T1/lmr/m/n/10 (-20) 2.26|
 []


Overfull \hbox (12.72722pt too wide) in paragraph at lines 944--946
 []|\T1/lmr/m/n/10 (-20) 0.00|
 []


Overfull \hbox (12.72722pt too wide) in paragraph at lines 946--948
 []|\T1/lmr/m/n/10 (-20) 0.39|
 []


Overfull \hbox (12.72722pt too wide) in paragraph at lines 948--950
 []|\T1/lmr/m/n/10 (-20) 0.19|
 []


Overfull \hbox (12.72722pt too wide) in paragraph at lines 950--952
 []|\T1/lmr/m/n/10 (-20) 1.67|
 []


Overfull \hbox (8.02509pt too wide) in paragraph at lines 952--954
 []|\T1/lmr/m/n/10 (-20) 0.39|
 []


Overfull \hbox (8.02509pt too wide) in paragraph at lines 954--956
 []|\T1/lmr/m/n/10 (-20) 0.00|
 []


Overfull \hbox (17.62721pt too wide) in paragraph at lines 956--958
 []|\T1/lmr/m/n/10 (-20) 17.04|
 []


Overfull \hbox (12.72722pt too wide) in paragraph at lines 958--960
 []|\T1/lmr/m/n/10 (-20) 0.37|
 []


Overfull \hbox (12.72722pt too wide) in paragraph at lines 960--962
 []|\T1/lmr/m/n/10 (-20) 0.00|
 []


Overfull \hbox (8.02509pt too wide) in paragraph at lines 962--964
 []|\T1/lmr/m/n/10 (-20) 0.09|
 []


Overfull \hbox (12.72722pt too wide) in paragraph at lines 964--966
 []|\T1/lmr/m/n/10 (-20) 0.04|
 []


Overfull \hbox (12.72722pt too wide) in paragraph at lines 966--968
 []|\T1/lmr/m/n/10 (-20) 0.00|
 []


Overfull \hbox (12.72722pt too wide) in paragraph at lines 968--970
 []|\T1/lmr/m/n/10 (-20) 0.26|
 []


Overfull \hbox (12.72722pt too wide) in paragraph at lines 970--972
 []|\T1/lmr/m/n/10 (-20) 0.98|
 []


Overfull \hbox (17.62721pt too wide) in paragraph at lines 973--975
 []|\T1/lmr/m/n/10 (-20) 2,007|
 []


Overfull \hbox (10.60573pt too wide) in paragraph at lines 975--977
[]|\T1/lmr/m/n/10 (-20) Pota|  
 []


Overfull \hbox (12.72722pt too wide) in paragraph at lines 977--979
 []|\T1/lmr/m/n/10 (-20) 0.00|
 []


Overfull \hbox (8.02509pt too wide) in paragraph at lines 979--981
 []|\T1/lmr/m/n/10 (-20) 0.00|
 []


Overfull \hbox (8.02509pt too wide) in paragraph at lines 981--983
 []|\T1/lmr/m/n/10 (-20) 0.00|
 []


Overfull \hbox (8.02509pt too wide) in paragraph at lines 983--985
 []|\T1/lmr/m/n/10 (-20) 0.00|
 []


Overfull \hbox (12.72722pt too wide) in paragraph at lines 985--987
 []|\T1/lmr/m/n/10 (-20) 0.04|
 []


Overfull \hbox (12.72722pt too wide) in paragraph at lines 987--989
 []|\T1/lmr/m/n/10 (-20) 3.01|
 []


Overfull \hbox (12.72722pt too wide) in paragraph at lines 989--991
 []|\T1/lmr/m/n/10 (-20) 0.57|
 []


Overfull \hbox (12.72722pt too wide) in paragraph at lines 991--993
 []|\T1/lmr/m/n/10 (-20) 0.00|
 []


Overfull \hbox (12.72722pt too wide) in paragraph at lines 993--995
 []|\T1/lmr/m/n/10 (-20) 0.09|
 []


Overfull \hbox (12.72722pt too wide) in paragraph at lines 995--997
 []|\T1/lmr/m/n/10 (-20) 0.00|
 []


Overfull \hbox (8.02509pt too wide) in paragraph at lines 997--999
 []|\T1/lmr/m/n/10 (-20) 0.35|
 []


Overfull \hbox (8.02509pt too wide) in paragraph at lines 999--1001
 []|\T1/lmr/m/n/10 (-20) 0.00|
 []


Overfull \hbox (8.02509pt too wide) in paragraph at lines 1001--1003
 []|\T1/lmr/m/n/10 (-20) 0.12|
 []


Overfull \hbox (12.72722pt too wide) in paragraph at lines 1003--1005
 []|\T1/lmr/m/n/10 (-20) 0.24|
 []


Overfull \hbox (12.72722pt too wide) in paragraph at lines 1005--1007
 []|\T1/lmr/m/n/10 (-20) 0.00|
 []


Overfull \hbox (12.72722pt too wide) in paragraph at lines 1007--1009
 []|\T1/lmr/m/n/10 (-20) 0.04|
 []


Overfull \hbox (12.72722pt too wide) in paragraph at lines 1009--1011
 []|\T1/lmr/m/n/10 (-20) 0.32|
 []


Overfull \hbox (8.02509pt too wide) in paragraph at lines 1011--1013
 []|\T1/lmr/m/n/10 (-20) 0.00|
 []


Overfull \hbox (8.02509pt too wide) in paragraph at lines 1013--1015
 []|\T1/lmr/m/n/10 (-20) 0.09|
 []


Overfull \hbox (12.72722pt too wide) in paragraph at lines 1015--1017
 []|\T1/lmr/m/n/10 (-20) 0.28|
 []


Overfull \hbox (12.72722pt too wide) in paragraph at lines 1017--1019
 []|\T1/lmr/m/n/10 (-20) 3.18|
 []


Overfull \hbox (12.72722pt too wide) in paragraph at lines 1019--1021
 []|\T1/lmr/m/n/10 (-20) 0.37|
 []


Overfull \hbox (8.02509pt too wide) in paragraph at lines 1021--1023
 []|\T1/lmr/m/n/10 (-20) 0.03|
 []


Overfull \hbox (12.72722pt too wide) in paragraph at lines 1023--1025
 []|\T1/lmr/m/n/10 (-20) 0.00|
 []


Overfull \hbox (12.72722pt too wide) in paragraph at lines 1025--1027
 []|\T1/lmr/m/n/10 (-20) 0.05|
 []


Overfull \hbox (12.72722pt too wide) in paragraph at lines 1027--1029
 []|\T1/lmr/m/n/10 (-20) 0.00|
 []


Overfull \hbox (12.72722pt too wide) in paragraph at lines 1029--1031
 []|\T1/lmr/m/n/10 (-20) 1.17|
 []


Overfull \hbox (17.62721pt too wide) in paragraph at lines 1032--1034
 []|\T1/lmr/m/n/10 (-20) 2,007|
 []


Overfull \hbox (9.25012pt too wide) in paragraph at lines 1034--1036
[]|\T1/lmr/m/n/10 (-20) Rice|  
 []


Overfull \hbox (12.72722pt too wide) in paragraph at lines 1036--1038
 []|\T1/lmr/m/n/10 (-20) 2.07|
 []


Overfull \hbox (8.02509pt too wide) in paragraph at lines 1038--1040
 []|\T1/lmr/m/n/10 (-20) 0.42|
 []


Overfull \hbox (8.02509pt too wide) in paragraph at lines 1040--1042
 []|\T1/lmr/m/n/10 (-20) 4.19|
 []


Overfull \hbox (8.02509pt too wide) in paragraph at lines 1042--1044
 []|\T1/lmr/m/n/10 (-20) 0.35|
 []


Overfull \hbox (12.72722pt too wide) in paragraph at lines 1044--1046
 []|\T1/lmr/m/n/10 (-20) 2.10|
 []


Overfull \hbox (12.72722pt too wide) in paragraph at lines 1046--1048
 []|\T1/lmr/m/n/10 (-20) 6.78|
 []


Overfull \hbox (12.72722pt too wide) in paragraph at lines 1048--1050
 []|\T1/lmr/m/n/10 (-20) 0.11|
 []


Overfull \hbox (17.62721pt too wide) in paragraph at lines 1050--1052
 []|\T1/lmr/m/n/10 (-20) 32.20|
 []


Overfull \hbox (12.72722pt too wide) in paragraph at lines 1052--1054
 []|\T1/lmr/m/n/10 (-20) 0.64|
 []


Overfull \hbox (12.72722pt too wide) in paragraph at lines 1054--1056
 []|\T1/lmr/m/n/10 (-20) 0.00|
 []


Overfull \hbox (8.02509pt too wide) in paragraph at lines 1056--1058
 []|\T1/lmr/m/n/10 (-20) 0.06|
 []


Overfull \hbox (12.92508pt too wide) in paragraph at lines 1058--1060
 []|\T1/lmr/m/n/10 (-20) 10.12|
 []


Overfull \hbox (8.02509pt too wide) in paragraph at lines 1060--1062
 []|\T1/lmr/m/n/10 (-20) 1.07|
 []


Overfull \hbox (12.72722pt too wide) in paragraph at lines 1062--1064
 []|\T1/lmr/m/n/10 (-20) 0.10|
 []


Overfull \hbox (12.72722pt too wide) in paragraph at lines 1064--1066
 []|\T1/lmr/m/n/10 (-20) 2.13|
 []


Overfull \hbox (12.72722pt too wide) in paragraph at lines 1066--1068
 []|\T1/lmr/m/n/10 (-20) 0.58|
 []


Overfull \hbox (12.72722pt too wide) in paragraph at lines 1068--1070
 []|\T1/lmr/m/n/10 (-20) 0.14|
 []


Overfull \hbox (8.02509pt too wide) in paragraph at lines 1070--1072
 []|\T1/lmr/m/n/10 (-20) 4.18|
 []


Overfull \hbox (12.92508pt too wide) in paragraph at lines 1072--1074
 []|\T1/lmr/m/n/10 (-20) 11.97|
 []


Overfull \hbox (12.72722pt too wide) in paragraph at lines 1074--1076
 []|\T1/lmr/m/n/10 (-20) 6.11|
 []


Overfull \hbox (12.72722pt too wide) in paragraph at lines 1076--1078
 []|\T1/lmr/m/n/10 (-20) 0.39|
 []


Overfull \hbox (12.72722pt too wide) in paragraph at lines 1078--1080
 []|\T1/lmr/m/n/10 (-20) 0.00|
 []


Overfull \hbox (8.02509pt too wide) in paragraph at lines 1080--1082
 []|\T1/lmr/m/n/10 (-20) 5.90|
 []


Overfull \hbox (12.72722pt too wide) in paragraph at lines 1082--1084
 []|\T1/lmr/m/n/10 (-20) 0.10|
 []


Overfull \hbox (12.72722pt too wide) in paragraph at lines 1084--1086
 []|\T1/lmr/m/n/10 (-20) 2.20|
 []


Overfull \hbox (12.72722pt too wide) in paragraph at lines 1086--1088
 []|\T1/lmr/m/n/10 (-20) 0.01|
 []


Overfull \hbox (12.72722pt too wide) in paragraph at lines 1088--1090
 []|\T1/lmr/m/n/10 (-20) 3.24|
 []


Overfull \hbox (17.62721pt too wide) in paragraph at lines 1091--1093
 []|\T1/lmr/m/n/10 (-20) 2,007|
 []


Overfull \hbox (10.46413pt too wide) in paragraph at lines 1093--1095
[]|\T1/lmr/m/n/10 (-20) Soya|  
 []


Overfull \hbox (12.72722pt too wide) in paragraph at lines 1095--1097
 []|\T1/lmr/m/n/10 (-20) 0.00|
 []


Overfull \hbox (8.02509pt too wide) in paragraph at lines 1097--1099
 []|\T1/lmr/m/n/10 (-20) 0.17|
 []


Overfull \hbox (8.02509pt too wide) in paragraph at lines 1099--1101
 []|\T1/lmr/m/n/10 (-20) 0.01|
 []


Overfull \hbox (8.02509pt too wide) in paragraph at lines 1101--1103
 []|\T1/lmr/m/n/10 (-20) 0.03|
 []


Overfull \hbox (12.72722pt too wide) in paragraph at lines 1103--1105
 []|\T1/lmr/m/n/10 (-20) 0.44|
 []


Overfull \hbox (12.72722pt too wide) in paragraph at lines 1105--1107
 []|\T1/lmr/m/n/10 (-20) 6.03|
 []


Overfull \hbox (12.72722pt too wide) in paragraph at lines 1107--1109
 []|\T1/lmr/m/n/10 (-20) 1.98|
 []


Overfull \hbox (12.72722pt too wide) in paragraph at lines 1109--1111
 []|\T1/lmr/m/n/10 (-20) 0.01|
 []


Overfull \hbox (12.72722pt too wide) in paragraph at lines 1111--1113
 []|\T1/lmr/m/n/10 (-20) 4.01|
 []


Overfull \hbox (12.72722pt too wide) in paragraph at lines 1113--1115
 []|\T1/lmr/m/n/10 (-20) 0.00|
 []


Overfull \hbox (8.02509pt too wide) in paragraph at lines 1115--1117
 []|\T1/lmr/m/n/10 (-20) 2.41|
 []


Overfull \hbox (8.02509pt too wide) in paragraph at lines 1117--1119
 []|\T1/lmr/m/n/10 (-20) 0.16|
 []


Overfull \hbox (8.02509pt too wide) in paragraph at lines 1119--1121
 []|\T1/lmr/m/n/10 (-20) 0.13|
 []


Overfull \hbox (12.72722pt too wide) in paragraph at lines 1121--1123
 []|\T1/lmr/m/n/10 (-20) 4.10|
 []


Overfull \hbox (12.72722pt too wide) in paragraph at lines 1123--1125
 []|\T1/lmr/m/n/10 (-20) 0.03|
 []


Overfull \hbox (12.72722pt too wide) in paragraph at lines 1125--1127
 []|\T1/lmr/m/n/10 (-20) 0.00|
 []


Overfull \hbox (12.72722pt too wide) in paragraph at lines 1127--1129
 []|\T1/lmr/m/n/10 (-20) 3.78|
 []


Overfull \hbox (8.02509pt too wide) in paragraph at lines 1129--1131
 []|\T1/lmr/m/n/10 (-20) 0.03|
 []


Overfull \hbox (8.02509pt too wide) in paragraph at lines 1131--1133
 []|\T1/lmr/m/n/10 (-20) 2.87|
 []


Overfull \hbox (12.72722pt too wide) in paragraph at lines 1133--1135
 []|\T1/lmr/m/n/10 (-20) 0.27|
 []


Overfull \hbox (12.72722pt too wide) in paragraph at lines 1135--1137
 []|\T1/lmr/m/n/10 (-20) 0.18|
 []


Overfull \hbox (17.62721pt too wide) in paragraph at lines 1137--1139
 []|\T1/lmr/m/n/10 (-20) 12.38|
 []


Overfull \hbox (8.02509pt too wide) in paragraph at lines 1139--1141
 []|\T1/lmr/m/n/10 (-20) 0.05|
 []


Overfull \hbox (12.72722pt too wide) in paragraph at lines 1141--1143
 []|\T1/lmr/m/n/10 (-20) 0.34|
 []


Overfull \hbox (12.72722pt too wide) in paragraph at lines 1143--1145
 []|\T1/lmr/m/n/10 (-20) 0.00|
 []


Overfull \hbox (12.72722pt too wide) in paragraph at lines 1145--1147
 []|\T1/lmr/m/n/10 (-20) 0.00|
 []


Overfull \hbox (12.72722pt too wide) in paragraph at lines 1147--1149
 []|\T1/lmr/m/n/10 (-20) 0.31|
 []


Overfull \hbox (17.62721pt too wide) in paragraph at lines 1150--1152
 []|\T1/lmr/m/n/10 (-20) 2,007|
 []


Overfull \hbox (10.23pt too wide) in paragraph at lines 1152--1154
[]|\T1/lmr/m/n/10 (-20) Srgh|  
 []


Overfull \hbox (12.72722pt too wide) in paragraph at lines 1154--1156
 []|\T1/lmr/m/n/10 (-20) 0.33|
 []


Overfull \hbox (8.02509pt too wide) in paragraph at lines 1156--1158
 []|\T1/lmr/m/n/10 (-20) 0.02|
 []


Overfull \hbox (12.92508pt too wide) in paragraph at lines 1158--1160
 []|\T1/lmr/m/n/10 (-20) 15.24|
 []


Overfull \hbox (8.02509pt too wide) in paragraph at lines 1160--1162
 []|\T1/lmr/m/n/10 (-20) 2.55|
 []


Overfull \hbox (12.72722pt too wide) in paragraph at lines 1162--1164
 []|\T1/lmr/m/n/10 (-20) 0.00|
 []


Overfull \hbox (12.72722pt too wide) in paragraph at lines 1164--1166
 []|\T1/lmr/m/n/10 (-20) 0.28|
 []


Overfull \hbox (12.72722pt too wide) in paragraph at lines 1166--1168
 []|\T1/lmr/m/n/10 (-20) 0.00|
 []


Overfull \hbox (12.72722pt too wide) in paragraph at lines 1168--1170
 []|\T1/lmr/m/n/10 (-20) 0.00|
 []


Overfull \hbox (12.72722pt too wide) in paragraph at lines 1170--1172
 []|\T1/lmr/m/n/10 (-20) 0.04|
 []


Overfull \hbox (12.72722pt too wide) in paragraph at lines 1172--1174
 []|\T1/lmr/m/n/10 (-20) 0.00|
 []


Overfull \hbox (8.02509pt too wide) in paragraph at lines 1174--1176
 []|\T1/lmr/m/n/10 (-20) 0.15|
 []


Overfull \hbox (8.02509pt too wide) in paragraph at lines 1176--1178
 []|\T1/lmr/m/n/10 (-20) 0.94|
 []


Overfull \hbox (8.02509pt too wide) in paragraph at lines 1178--1180
 []|\T1/lmr/m/n/10 (-20) 2.22|
 []


Overfull \hbox (12.72722pt too wide) in paragraph at lines 1180--1182
 []|\T1/lmr/m/n/10 (-20) 0.04|
 []


Overfull \hbox (12.72722pt too wide) in paragraph at lines 1182--1184
 []|\T1/lmr/m/n/10 (-20) 0.42|
 []


Overfull \hbox (12.72722pt too wide) in paragraph at lines 1184--1186
 []|\T1/lmr/m/n/10 (-20) 0.00|
 []


Overfull \hbox (12.72722pt too wide) in paragraph at lines 1186--1188
 []|\T1/lmr/m/n/10 (-20) 0.01|
 []


Overfull \hbox (8.02509pt too wide) in paragraph at lines 1188--1190
 []|\T1/lmr/m/n/10 (-20) 0.02|
 []


Overfull \hbox (8.02509pt too wide) in paragraph at lines 1190--1192
 []|\T1/lmr/m/n/10 (-20) 0.61|
 []


Overfull \hbox (17.62721pt too wide) in paragraph at lines 1192--1194
 []|\T1/lmr/m/n/10 (-20) 35.46|
 []


Overfull \hbox (12.72722pt too wide) in paragraph at lines 1194--1196
 []|\T1/lmr/m/n/10 (-20) 0.42|
 []


Overfull \hbox (12.72722pt too wide) in paragraph at lines 1196--1198
 []|\T1/lmr/m/n/10 (-20) 0.00|
 []


Overfull \hbox (8.02509pt too wide) in paragraph at lines 1198--1200
 []|\T1/lmr/m/n/10 (-20) 1.07|
 []


Overfull \hbox (12.72722pt too wide) in paragraph at lines 1200--1202
 []|\T1/lmr/m/n/10 (-20) 0.00|
 []


Overfull \hbox (12.72722pt too wide) in paragraph at lines 1202--1204
 []|\T1/lmr/m/n/10 (-20) 0.00|
 []


Overfull \hbox (12.72722pt too wide) in paragraph at lines 1204--1206
 []|\T1/lmr/m/n/10 (-20) 2.04|
 []


Overfull \hbox (12.72722pt too wide) in paragraph at lines 1206--1208
 []|\T1/lmr/m/n/10 (-20) 0.68|
 []


Overfull \hbox (17.62721pt too wide) in paragraph at lines 1209--1211
 []|\T1/lmr/m/n/10 (-20) 2,007|
 []


Overfull \hbox (9.93044pt too wide) in paragraph at lines 1211--1213
[]|\T1/lmr/m/n/10 (-20) Sunf|  
 []


Overfull \hbox (12.72722pt too wide) in paragraph at lines 1213--1215
 []|\T1/lmr/m/n/10 (-20) 0.00|
 []


Overfull \hbox (8.02509pt too wide) in paragraph at lines 1215--1217
 []|\T1/lmr/m/n/10 (-20) 0.00|
 []


Overfull \hbox (8.02509pt too wide) in paragraph at lines 1217--1219
 []|\T1/lmr/m/n/10 (-20) 0.03|
 []


Overfull \hbox (8.02509pt too wide) in paragraph at lines 1219--1221
 []|\T1/lmr/m/n/10 (-20) 0.00|
 []


Overfull \hbox (12.72722pt too wide) in paragraph at lines 1221--1223
 []|\T1/lmr/m/n/10 (-20) 0.28|
 []


Overfull \hbox (12.72722pt too wide) in paragraph at lines 1223--1225
 []|\T1/lmr/m/n/10 (-20) 0.51|
 []


Overfull \hbox (12.72722pt too wide) in paragraph at lines 1225--1227
 []|\T1/lmr/m/n/10 (-20) 0.00|
 []


Overfull \hbox (12.72722pt too wide) in paragraph at lines 1227--1229
 []|\T1/lmr/m/n/10 (-20) 0.28|
 []


Overfull \hbox (12.72722pt too wide) in paragraph at lines 1229--1231
 []|\T1/lmr/m/n/10 (-20) 0.12|
 []


Overfull \hbox (12.72722pt too wide) in paragraph at lines 1231--1233
 []|\T1/lmr/m/n/10 (-20) 0.00|
 []


Overfull \hbox (8.02509pt too wide) in paragraph at lines 1233--1235
 []|\T1/lmr/m/n/10 (-20) 0.00|
 []


Overfull \hbox (8.02509pt too wide) in paragraph at lines 1235--1237
 []|\T1/lmr/m/n/10 (-20) 0.00|
 []


Overfull \hbox (8.02509pt too wide) in paragraph at lines 1237--1239
 []|\T1/lmr/m/n/10 (-20) 0.06|
 []


Overfull \hbox (12.72722pt too wide) in paragraph at lines 1239--1241
 []|\T1/lmr/m/n/10 (-20) 0.02|
 []


Overfull \hbox (12.72722pt too wide) in paragraph at lines 1241--1243
 []|\T1/lmr/m/n/10 (-20) 0.12|
 []


Overfull \hbox (12.72722pt too wide) in paragraph at lines 1243--1245
 []|\T1/lmr/m/n/10 (-20) 0.04|
 []


Overfull \hbox (12.72722pt too wide) in paragraph at lines 1245--1247
 []|\T1/lmr/m/n/10 (-20) 0.81|
 []


Overfull \hbox (8.02509pt too wide) in paragraph at lines 1247--1249
 []|\T1/lmr/m/n/10 (-20) 0.00|
 []


Overfull \hbox (8.02509pt too wide) in paragraph at lines 1249--1251
 []|\T1/lmr/m/n/10 (-20) 0.09|
 []


Overfull \hbox (12.72722pt too wide) in paragraph at lines 1251--1253
 []|\T1/lmr/m/n/10 (-20) 0.38|
 []


Overfull \hbox (12.72722pt too wide) in paragraph at lines 1253--1255
 []|\T1/lmr/m/n/10 (-20) 0.10|
 []


Overfull \hbox (12.72722pt too wide) in paragraph at lines 1255--1257
 []|\T1/lmr/m/n/10 (-20) 0.00|
 []


Overfull \hbox (8.02509pt too wide) in paragraph at lines 1257--1259
 []|\T1/lmr/m/n/10 (-20) 0.55|
 []


Overfull \hbox (12.72722pt too wide) in paragraph at lines 1259--1261
 []|\T1/lmr/m/n/10 (-20) 0.00|
 []


Overfull \hbox (12.72722pt too wide) in paragraph at lines 1261--1263
 []|\T1/lmr/m/n/10 (-20) 0.00|
 []


Overfull \hbox (12.72722pt too wide) in paragraph at lines 1263--1265
 []|\T1/lmr/m/n/10 (-20) 0.00|
 []


Overfull \hbox (12.72722pt too wide) in paragraph at lines 1265--1267
 []|\T1/lmr/m/n/10 (-20) 0.25|
 []


Overfull \hbox (17.62721pt too wide) in paragraph at lines 1268--1270
 []|\T1/lmr/m/n/10 (-20) 2,007|
 []


Overfull \hbox (14.41644pt too wide) in paragraph at lines 1270--1272
[]|\T1/lmr/m/n/10 (-20) SwPo|  
 []


Overfull \hbox (12.72722pt too wide) in paragraph at lines 1272--1274
 []|\T1/lmr/m/n/10 (-20) 2.50|
 []


Overfull \hbox (8.02509pt too wide) in paragraph at lines 1274--1276
 []|\T1/lmr/m/n/10 (-20) 2.38|
 []


Overfull \hbox (8.02509pt too wide) in paragraph at lines 1276--1278
 []|\T1/lmr/m/n/10 (-20) 0.06|
 []


Overfull \hbox (8.02509pt too wide) in paragraph at lines 1278--1280
 []|\T1/lmr/m/n/10 (-20) 4.66|
 []


Overfull \hbox (12.72722pt too wide) in paragraph at lines 1280--1282
 []|\T1/lmr/m/n/10 (-20) 3.68|
 []


Overfull \hbox (12.72722pt too wide) in paragraph at lines 1282--1284
 []|\T1/lmr/m/n/10 (-20) 7.69|
 []


Overfull \hbox (12.72722pt too wide) in paragraph at lines 1284--1286
 []|\T1/lmr/m/n/10 (-20) 1.44|
 []


Overfull \hbox (12.72722pt too wide) in paragraph at lines 1286--1288
 []|\T1/lmr/m/n/10 (-20) 0.77|
 []


Overfull \hbox (12.72722pt too wide) in paragraph at lines 1288--1290
 []|\T1/lmr/m/n/10 (-20) 2.19|
 []


Overfull \hbox (12.72722pt too wide) in paragraph at lines 1290--1292
 []|\T1/lmr/m/n/10 (-20) 0.00|
 []


Overfull \hbox (8.02509pt too wide) in paragraph at lines 1292--1294
 []|\T1/lmr/m/n/10 (-20) 6.05|
 []


Overfull \hbox (8.02509pt too wide) in paragraph at lines 1294--1296
 []|\T1/lmr/m/n/10 (-20) 2.45|
 []


Overfull \hbox (8.02509pt too wide) in paragraph at lines 1296--1298
 []|\T1/lmr/m/n/10 (-20) 2.43|
 []


Overfull \hbox (12.72722pt too wide) in paragraph at lines 1298--1300
 []|\T1/lmr/m/n/10 (-20) 1.53|
 []


Overfull \hbox (12.72722pt too wide) in paragraph at lines 1300--1302
 []|\T1/lmr/m/n/10 (-20) 1.54|
 []


Overfull \hbox (12.72722pt too wide) in paragraph at lines 1302--1304
 []|\T1/lmr/m/n/10 (-20) 2.27|
 []


Overfull \hbox (12.72722pt too wide) in paragraph at lines 1304--1306
 []|\T1/lmr/m/n/10 (-20) 4.23|
 []


Overfull \hbox (8.02509pt too wide) in paragraph at lines 1306--1308
 []|\T1/lmr/m/n/10 (-20) 1.06|
 []


Overfull \hbox (8.02509pt too wide) in paragraph at lines 1308--1310
 []|\T1/lmr/m/n/10 (-20) 0.33|
 []


Overfull \hbox (12.72722pt too wide) in paragraph at lines 1310--1312
 []|\T1/lmr/m/n/10 (-20) 1.52|
 []


Overfull \hbox (12.72722pt too wide) in paragraph at lines 1312--1314
 []|\T1/lmr/m/n/10 (-20) 2.08|
 []


Overfull \hbox (12.72722pt too wide) in paragraph at lines 1314--1316
 []|\T1/lmr/m/n/10 (-20) 0.68|
 []


Overfull \hbox (8.02509pt too wide) in paragraph at lines 1316--1318
 []|\T1/lmr/m/n/10 (-20) 0.30|
 []


Overfull \hbox (12.72722pt too wide) in paragraph at lines 1318--1320
 []|\T1/lmr/m/n/10 (-20) 1.31|
 []


Overfull \hbox (12.72722pt too wide) in paragraph at lines 1320--1322
 []|\T1/lmr/m/n/10 (-20) 0.56|
 []


Overfull \hbox (12.72722pt too wide) in paragraph at lines 1322--1324
 []|\T1/lmr/m/n/10 (-20) 5.06|
 []


Overfull \hbox (12.72722pt too wide) in paragraph at lines 1324--1326
 []|\T1/lmr/m/n/10 (-20) 3.64|
 []


Overfull \hbox (17.62721pt too wide) in paragraph at lines 1327--1329
 []|\T1/lmr/m/n/10 (-20) 2,007|
 []


Overfull \hbox (12.09149pt too wide) in paragraph at lines 1329--1331
[]|\T1/lmr/m/n/10 (-20) Toba|  
 []


Overfull \hbox (12.72722pt too wide) in paragraph at lines 1331--1333
 []|\T1/lmr/m/n/10 (-20) 0.11|
 []


Overfull \hbox (8.02509pt too wide) in paragraph at lines 1333--1335
 []|\T1/lmr/m/n/10 (-20) 0.03|
 []


Overfull \hbox (8.02509pt too wide) in paragraph at lines 1335--1337
 []|\T1/lmr/m/n/10 (-20) 0.05|
 []


Overfull \hbox (8.02509pt too wide) in paragraph at lines 1337--1339
 []|\T1/lmr/m/n/10 (-20) 1.27|
 []


Overfull \hbox (12.72722pt too wide) in paragraph at lines 1339--1341
 []|\T1/lmr/m/n/10 (-20) 2.33|
 []


Overfull \hbox (12.72722pt too wide) in paragraph at lines 1341--1343
 []|\T1/lmr/m/n/10 (-20) 0.88|
 []


Overfull \hbox (17.62721pt too wide) in paragraph at lines 1343--1345
 []|\T1/lmr/m/n/10 (-20) 11.62|
 []


Overfull \hbox (12.72722pt too wide) in paragraph at lines 1345--1347
 []|\T1/lmr/m/n/10 (-20) 0.26|
 []


Overfull \hbox (17.62721pt too wide) in paragraph at lines 1347--1349
 []|\T1/lmr/m/n/10 (-20) 10.03|
 []


Overfull \hbox (12.72722pt too wide) in paragraph at lines 1349--1351
 []|\T1/lmr/m/n/10 (-20) 0.00|
 []


Overfull \hbox (8.02509pt too wide) in paragraph at lines 1351--1353
 []|\T1/lmr/m/n/10 (-20) 4.70|
 []


Overfull \hbox (8.02509pt too wide) in paragraph at lines 1353--1355
 []|\T1/lmr/m/n/10 (-20) 0.77|
 []


Overfull \hbox (8.02509pt too wide) in paragraph at lines 1355--1357
 []|\T1/lmr/m/n/10 (-20) 0.37|
 []


Overfull \hbox (12.72722pt too wide) in paragraph at lines 1357--1359
 []|\T1/lmr/m/n/10 (-20) 3.28|
 []


Overfull \hbox (12.72722pt too wide) in paragraph at lines 1359--1361
 []|\T1/lmr/m/n/10 (-20) 0.41|
 []


Overfull \hbox (12.72722pt too wide) in paragraph at lines 1361--1363
 []|\T1/lmr/m/n/10 (-20) 0.00|
 []


Overfull \hbox (12.72722pt too wide) in paragraph at lines 1363--1365
 []|\T1/lmr/m/n/10 (-20) 5.83|
 []


Overfull \hbox (8.02509pt too wide) in paragraph at lines 1365--1367
 []|\T1/lmr/m/n/10 (-20) 0.16|
 []


Overfull \hbox (8.02509pt too wide) in paragraph at lines 1367--1369
 []|\T1/lmr/m/n/10 (-20) 0.00|
 []


Overfull \hbox (12.72722pt too wide) in paragraph at lines 1369--1371
 []|\T1/lmr/m/n/10 (-20) 0.03|
 []


Overfull \hbox (12.72722pt too wide) in paragraph at lines 1371--1373
 []|\T1/lmr/m/n/10 (-20) 2.04|
 []


Overfull \hbox (17.62721pt too wide) in paragraph at lines 1373--1375
 []|\T1/lmr/m/n/10 (-20) 13.96|
 []


Overfull \hbox (8.02509pt too wide) in paragraph at lines 1375--1377
 []|\T1/lmr/m/n/10 (-20) 2.40|
 []


Overfull \hbox (17.62721pt too wide) in paragraph at lines 1377--1379
 []|\T1/lmr/m/n/10 (-20) 17.16|
 []


Overfull \hbox (12.72722pt too wide) in paragraph at lines 1379--1381
 []|\T1/lmr/m/n/10 (-20) 0.97|
 []


Overfull \hbox (12.72722pt too wide) in paragraph at lines 1381--1383
 []|\T1/lmr/m/n/10 (-20) 0.00|
 []


Overfull \hbox (12.72722pt too wide) in paragraph at lines 1383--1385
 []|\T1/lmr/m/n/10 (-20) 2.89|
 []


Overfull \hbox (49.42064pt too wide) in alignment at lines 559--1387
 [] [] [] [] [] [] [] [] [] [] [] [] [] [] [] [] [] [] [] [] [] [] [] [] [] [] 
[] [] [] 
 []

[3 <H:/MyDocuments/Github/Global-to-local-GLOBIOM/FigTabMap/out-FAOSTAT_ag_stat
_compare-3.png> <H:/MyDocuments/Github/Global-to-local-GLOBIOM/FigTabMap/out-FA
OSTAT_ag_stat_compare-4.png>]
<H:/MyDocuments/Github/Global-to-local-GLOBIOM/FigTabMap/out-region-1.png, id=2
6, 3613.5pt x 2409.0pt>
File: H:/MyDocuments/Github/Global-to-local-GLOBIOM/FigTabMap/out-region-1.png 
Graphic file (type png)

<use H:/MyDocuments/Github/Global-to-local-GLOBIOM/FigTabMap/out-region-1.png>
Package pdftex.def Info: H:/MyDocuments/Github/Global-to-local-GLOBIOM/FigTabMa
p/out-region-1.png used on input line 1389.
(pdftex.def)             Requested size: 469.71635pt x 313.14424pt.

<H:/MyDocuments/Github/Global-to-local-GLOBIOM/FigTabMap/out-yld_winsor-1.png, 
id=28, 3613.5pt x 2409.0pt>
File: H:/MyDocuments/Github/Global-to-local-GLOBIOM/FigTabMap/out-yld_winsor-1.
png Graphic file (type png)

<use H:/MyDocuments/Github/Global-to-local-GLOBIOM/FigTabMap/out-yld_winsor-1.p
ng>
Package pdftex.def Info: H:/MyDocuments/Github/Global-to-local-GLOBIOM/FigTabMa
p/out-yld_winsor-1.png used on input line 1391.
(pdftex.def)             Requested size: 469.71635pt x 313.14424pt.

<H:/MyDocuments/Github/Global-to-local-GLOBIOM/FigTabMap/out-yld_winsor-2.png, 
id=29, 3613.5pt x 2409.0pt>
File: H:/MyDocuments/Github/Global-to-local-GLOBIOM/FigTabMap/out-yld_winsor-2.
png Graphic file (type png)

<use H:/MyDocuments/Github/Global-to-local-GLOBIOM/FigTabMap/out-yld_winsor-2.p
ng>
Package pdftex.def Info: H:/MyDocuments/Github/Global-to-local-GLOBIOM/FigTabMa
p/out-yld_winsor-2.png used on input line 1392.
(pdftex.def)             Requested size: 469.71635pt x 313.14424pt.

Underfull \hbox (badness 10000) in paragraph at lines 1391--1393
[][]
 []

[4 <H:/MyDocuments/Github/Global-to-local-GLOBIOM/FigTabMap/out-region-1.png>]
Package atveryend Info: Empty hook `BeforeClearDocument' on input line 1395.

[5 <H:/MyDocuments/Github/Global-to-local-GLOBIOM/FigTabMap/out-yld_winsor-1.pn
g> <H:/MyDocuments/Github/Global-to-local-GLOBIOM/FigTabMap/out-yld_winsor-2.pn
g>]
Package atveryend Info: Empty hook `AfterLastShipout' on input line 1395.

(H:\MyDocuments\Github\Global-to-local-GLOBIOM\Report\MWI\./tex2pdf.7912\input.
aux)
Package atveryend Info: Executing hook `AtVeryEndDocument' on input line 1395.
Package atveryend Info: Executing hook `AtEndAfterFileList' on input line 1395.

Package rerunfilecheck Info: File `input.out' has not changed.
(rerunfilecheck)             Checksum: D41D8CD98F00B204E9800998ECF8427E;0.
Package atveryend Info: Empty hook `AtVeryVeryEnd' on input line 1395.
 ) 
Here is how much of TeX's memory you used:
 12253 strings out of 493333
 176808 string characters out of 3145220
 360468 words of memory out of 3000000
 15643 multiletter control sequences out of 15000+200000
 18275 words of font info for 25 fonts, out of 3000000 for 9000
 1141 hyphenation exceptions out of 8191
 32i,5n,38p,245b,429s stack positions out of 5000i,500n,10000p,200000b,50000s
{C:/MiKTeX 2.9/fonts/enc/dvips/lm/lm-ec.enc}<C:/MiKTeX 2.9/fonts/type1/public
/lm/lmr10.pfb><C:/MiKTeX 2.9/fonts/type1/public/lm/lmr17.pfb><C:/MiKTeX 2.9/fon
ts/type1/public/lm/lmri12.pfb>
Output written on H:/MyDocuments/Github/Global-to-local-GLOBIOM/Report/MWI/tex2
pdf.7912/input.pdf (5 pages, 2862857 bytes).
PDF statistics:
 54 PDF objects out of 1000 (max. 8388607)
 9 named destinations out of 1000 (max. 500000)
 6180 words of extra memory for PDF output out of 10000 (max. 10000000)

